This is pdfTeX, Version 3.14159265-2.6-1.40.21 (TeX Live 2020/Debian) (preloaded format=pdflatex 2023.1.3)  31 MAR 2023 17:27
entering extended mode
 restricted \write18 enabled.
 %&-line parsing enabled.
**main.tex
(./main.tex
LaTeX2e <2020-10-01> patch level 4
L3 programming layer <2021-01-09> xparse <2020-03-03>
(/usr/share/texlive/texmf-dist/tex/latex/base/book.cls
Document Class: book 2020/04/10 v1.4m Standard LaTeX document class
(/usr/share/texlive/texmf-dist/tex/latex/base/bk11.clo
File: bk11.clo 2020/04/10 v1.4m Standard LaTeX file (size option)
)
\c@part=\count177
\c@chapter=\count178
\c@section=\count179
\c@subsection=\count180
\c@subsubsection=\count181
\c@paragraph=\count182
\c@subparagraph=\count183
\c@figure=\count184
\c@table=\count185
\abovecaptionskip=\skip47
\belowcaptionskip=\skip48
\bibindent=\dimen138
) (./gvv-book.sty
(/usr/share/texlive/texmf-dist/tex/latex/geometry/geometry.sty
Package: geometry 2020/01/02 v5.9 Page Geometry

(/usr/share/texlive/texmf-dist/tex/latex/graphics/keyval.sty
Package: keyval 2014/10/28 v1.15 key=value parser (DPC)
\KV@toks@=\toks15
)
(/usr/share/texlive/texmf-dist/tex/generic/iftex/ifvtex.sty
Package: ifvtex 2019/10/25 v1.7 ifvtex legacy package. Use iftex instead.

(/usr/share/texlive/texmf-dist/tex/generic/iftex/iftex.sty
Package: iftex 2020/03/06 v1.0d TeX engine tests
))
\Gm@cnth=\count186
\Gm@cntv=\count187
\c@Gm@tempcnt=\count188
\Gm@bindingoffset=\dimen139
\Gm@wd@mp=\dimen140
\Gm@odd@mp=\dimen141
\Gm@even@mp=\dimen142
\Gm@layoutwidth=\dimen143
\Gm@layoutheight=\dimen144
\Gm@layouthoffset=\dimen145
\Gm@layoutvoffset=\dimen146
\Gm@dimlist=\toks16
)
(/usr/share/texlive/texmf-dist/tex/latex/lipsum/lipsum.sty
(/usr/share/texlive/texmf-dist/tex/latex/l3kernel/expl3.sty
Package: expl3 2021-01-09 L3 programming layer (loader) 

(/usr/share/texlive/texmf-dist/tex/latex/l3backend/l3backend-pdftex.def
File: l3backend-pdftex.def 2020-01-29 L3 backend support: PDF output (pdfTeX)
\l__color_backend_stack_int=\count189
\l__pdf_internal_box=\box47
))
(/usr/share/texlive/texmf-dist/tex/latex/l3packages/xparse/xparse.sty
Package: xparse 2020-10-27 L3 Experimental document command parser

(/usr/share/texlive/texmf-dist/tex/latex/l3packages/xparse/xparse-generic.tex))
Package: lipsum 2019/01/02 v2.2 150 paragraphs of Lorem Ipsum dummy text
(/usr/share/texlive/texmf-dist/tex/latex/lipsum/lipsum.ltd.tex
File: lipsum.ltd.tex 2019/01/02 v2.2 The Lorem ipsum dummy text
))
(/usr/share/texlive/texmf-dist/tex/generic/ulem/ulem.sty
\UL@box=\box48
\UL@hyphenbox=\box49
\UL@skip=\skip49
\UL@hook=\toks17
\UL@height=\dimen147
\UL@pe=\count190
\UL@pixel=\dimen148
\ULC@box=\box50
Package: ulem 2019/11/18
\ULdepth=\dimen149
)
(/usr/share/texlive/texmf-dist/tex/latex/base/alltt.sty
Package: alltt 1997/06/16 v2.0g defines alltt environment
)
(/usr/share/texlive/texmf-dist/tex/latex/graphics/rotating.sty
Package: rotating 2016/08/11 v2.16d rotated objects in LaTeX

(/usr/share/texlive/texmf-dist/tex/latex/graphics/graphicx.sty
Package: graphicx 2020/09/09 v1.2b Enhanced LaTeX Graphics (DPC,SPQR)

(/usr/share/texlive/texmf-dist/tex/latex/graphics/graphics.sty
Package: graphics 2020/08/30 v1.4c Standard LaTeX Graphics (DPC,SPQR)

(/usr/share/texlive/texmf-dist/tex/latex/graphics/trig.sty
Package: trig 2016/01/03 v1.10 sin cos tan (DPC)
)
(/usr/share/texlive/texmf-dist/tex/latex/graphics-cfg/graphics.cfg
File: graphics.cfg 2016/06/04 v1.11 sample graphics configuration
)
Package graphics Info: Driver file: pdftex.def on input line 105.

(/usr/share/texlive/texmf-dist/tex/latex/graphics-def/pdftex.def
File: pdftex.def 2020/10/05 v1.2a Graphics/color driver for pdftex
))
\Gin@req@height=\dimen150
\Gin@req@width=\dimen151
)
(/usr/share/texlive/texmf-dist/tex/latex/base/ifthen.sty
Package: ifthen 2014/09/29 v1.1c Standard LaTeX ifthen package (DPC)
)
\c@r@tfl@t=\count191
\rotFPtop=\skip50
\rotFPbot=\skip51
\rot@float@box=\box51
\rot@mess@toks=\toks18
)
(/usr/share/texlive/texmf-dist/tex/latex/pstricks/pstricks.sty
Package: pstricks 2020/06/11 v0.70 LaTeX wrapper for `PSTricks' (RN,HV)

(/usr/share/texlive/texmf-dist/tex/latex/xcolor/xcolor.sty
Package: xcolor 2016/05/11 v2.12 LaTeX color extensions (UK)

(/usr/share/texlive/texmf-dist/tex/latex/graphics-cfg/color.cfg
File: color.cfg 2016/01/02 v1.6 sample color configuration
)
Package xcolor Info: Driver file: pdftex.def on input line 225.
Package xcolor Info: Model `cmy' substituted by `cmy0' on input line 1348.
Package xcolor Info: Model `hsb' substituted by `rgb' on input line 1352.
Package xcolor Info: Model `RGB' extended on input line 1364.
Package xcolor Info: Model `HTML' substituted by `rgb' on input line 1366.
Package xcolor Info: Model `Hsb' substituted by `hsb' on input line 1367.
Package xcolor Info: Model `tHsb' substituted by `hsb' on input line 1368.
Package xcolor Info: Model `HSB' substituted by `hsb' on input line 1369.
Package xcolor Info: Model `Gray' substituted by `gray' on input line 1370.
Package xcolor Info: Model `wave' substituted by `hsb' on input line 1371.
)
(/usr/share/texlive/texmf-dist/tex/generic/xkeyval/pst-xkey.tex
File: pst-xkey.tex 2005/11/25 v1.6 PSTricks specialization of xkeyval (HA)

(/usr/share/texlive/texmf-dist/tex/latex/xkeyval/xkeyval.sty
Package: xkeyval 2020/11/20 v2.8 package option processing (HA)

(/usr/share/texlive/texmf-dist/tex/generic/xkeyval/xkeyval.tex
(/usr/share/texlive/texmf-dist/tex/generic/xkeyval/xkvutils.tex
\XKV@toks=\toks19
\XKV@tempa@toks=\toks20
)
\XKV@depth=\count192
File: xkeyval.tex 2014/12/03 v2.7a key=value parser (HA)
)))
(/usr/share/texlive/texmf-dist/tex/generic/pstricks/pstricks.tex
(/usr/share/texlive/texmf-dist/tex/generic/pstricks/pst-fp.tex
`pst-fp' v0.05, 2010/01/17 (hv)
\pstFP@xs=\count193
\pstFP@xia=\count194
\pstFP@xib=\count195
\pstFP@xfa=\count196
\pstFP@xfb=\count197
\pstFP@rega=\count198
\pstFP@regb=\count199
\pstFP@regs=\count266
\pstFP@times=\count267
)
(/usr/share/texlive/texmf-dist/tex/generic/pgf/utilities/pgfutil-common.tex
\pgfutil@everybye=\toks21
\pgfutil@tempdima=\dimen152
\pgfutil@tempdimb=\dimen153

(/usr/share/texlive/texmf-dist/tex/generic/pgf/utilities/pgfutil-common-lists.t
ex)) (/usr/share/texlive/texmf-dist/tex/generic/pgf/utilities/pgfkeys.code.tex
\pgfkeys@pathtoks=\toks22
\pgfkeys@temptoks=\toks23

(/usr/share/texlive/texmf-dist/tex/generic/pgf/utilities/pgfkeysfiltered.code.t
ex
\pgfkeys@tmptoks=\toks24
)) (/usr/share/texlive/texmf-dist/tex/generic/pgf/utilities/pgffor.code.tex
Loading pgffor.code.tex
(/usr/share/texlive/texmf-dist/tex/generic/pgf/math/pgfmath.code.tex
(/usr/share/texlive/texmf-dist/tex/generic/pgf/math/pgfmathcalc.code.tex
(/usr/share/texlive/texmf-dist/tex/generic/pgf/math/pgfmathutil.code.tex
\pgf@x=\dimen154
\pgf@xa=\dimen155
\pgf@xb=\dimen156
\pgf@xc=\dimen157
\pgf@y=\dimen158
\pgf@ya=\dimen159
\pgf@yb=\dimen160
\pgf@yc=\dimen161
\c@pgf@counta=\count268
\c@pgf@countb=\count269
\c@pgf@countc=\count270
\c@pgf@countd=\count271
\pgfutil@tempcnta=\count272
\pgfutil@tempcntb=\count273
)
(/usr/share/texlive/texmf-dist/tex/generic/pgf/math/pgfmathparser.code.tex
\pgfmath@dimen=\dimen162
\pgfmath@count=\count274
\pgfmath@box=\box52
\pgfmath@toks=\toks25
\pgfmath@stack@operand=\toks26
\pgfmath@stack@operation=\toks27
)
(/usr/share/texlive/texmf-dist/tex/generic/pgf/math/pgfmathfunctions.code.tex
(/usr/share/texlive/texmf-dist/tex/generic/pgf/math/pgfmathfunctions.basic.code
.tex)
(/usr/share/texlive/texmf-dist/tex/generic/pgf/math/pgfmathfunctions.trigonomet
ric.code.tex)
(/usr/share/texlive/texmf-dist/tex/generic/pgf/math/pgfmathfunctions.random.cod
e.tex)
(/usr/share/texlive/texmf-dist/tex/generic/pgf/math/pgfmathfunctions.comparison
.code.tex)
(/usr/share/texlive/texmf-dist/tex/generic/pgf/math/pgfmathfunctions.base.code.
tex)
(/usr/share/texlive/texmf-dist/tex/generic/pgf/math/pgfmathfunctions.round.code
.tex)
(/usr/share/texlive/texmf-dist/tex/generic/pgf/math/pgfmathfunctions.misc.code.
tex)
(/usr/share/texlive/texmf-dist/tex/generic/pgf/math/pgfmathfunctions.integerari
thmetics.code.tex)))
(/usr/share/texlive/texmf-dist/tex/generic/pgf/math/pgfmathfloat.code.tex
\c@pgfmathroundto@lastzeros=\count275
))
\pgffor@iter=\dimen163
\pgffor@skip=\dimen164
\pgffor@stack=\toks28
\pgffor@toks=\toks29
)
\psLoopIndex=\count276

`PSTricks' v3.01  <2020/09/18> (tvz,hv)
\pst@dima=\dimen165
\pst@dimb=\dimen166
\pst@dimc=\dimen167
\pst@dimd=\dimen168
\pst@dimg=\dimen169
\pst@dimh=\dimen170
\pst@dimm=\dimen171
\pst@dimn=\dimen172
\pst@dimo=\dimen173
\pst@dimp=\dimen174
\pst@hbox=\box53
\pst@ibox=\box54
\pst@boxg=\box55
\pst@cnta=\count277
\pst@cntb=\count278
\pst@cntc=\count279
\pst@cntd=\count280
\pst@cntg=\count281
\pst@cnth=\count282
\pst@cntm=\count283
\pst@cntn=\count284
\pst@cnto=\count285
\pst@cntp=\count286
\@zero=\count287
\pst@toks=\toks30
(/usr/share/texlive/texmf-dist/tex/generic/pstricks/pstricks.con)
\psunit=\dimen175
\psxunit=\dimen176
\psyunit=\dimen177
\pst@C@@rType=\count288
\pslinewidth=\dimen178
\psk@startLW=\dimen179
\psk@endLW=\dimen180
\pst@customdefs=\toks31
\pslinearc=\dimen181
\pst@symbolStep=\dimen182
\pst@symbolWidth=\dimen183
\pst@symbolLinewidth=\dimen184
\everypsbox=\toks32
\psframesep=\dimen185
\pslabelsep=\dimen186
\sh@wgridXunit=\dimen187
\sh@wgridYunit=\dimen188
\pst@shift=\dimen189
)
File: pstricks.tex 2020/09/18 v3.01 `PSTricks' (tvz,hv)

(/usr/share/texlive/texmf-dist/tex/generic/pstricks/pst-fp.tex)
File: pst-fp.tex 2020/09/18 v3.01 `PST-fp' (hv)
)
(/usr/share/texlive/texmf-dist/tex/latex/wrapfig/wrapfig.sty
\wrapoverhang=\dimen190
\WF@size=\dimen191
\c@WF@wrappedlines=\count289
\WF@box=\box56
\WF@everypar=\toks33
Package: wrapfig 2003/01/31  v 3.6
)
(/usr/share/texlive/texmf-dist/tex/latex/pstricks/pstcol.sty
Package: pstcol 2007/04/11 v1.3 LaTeX wrapper for `PSTricks' (RN,HV)


Package pstcol Warning: ************************************ 
(pstcol)                The package `pstcol' is obsolet! 
(pstcol)                You should use `pstricks' directly: 
(pstcol)                    \usepackage{pstricks}
(pstcol)                ************************************.

) (/usr/share/texlive/texmf-dist/tex/latex/pst-grad/pst-grad.sty
Package: pst-grad 2004/07/15 package wrapper for pst-grad.tex (hv)

(/usr/share/texlive/texmf-dist/tex/generic/pst-grad/pst-grad.tex
`pst-grad' v1.06, 2006/11/27 (tvz,dg,hv))
File: pst-grad.tex 2006/11/27 1.06 `pst-grad' (tvz)
)
(/usr/share/texlive/texmf-dist/tex/latex/tools/bm.sty
Package: bm 2019/07/24 v1.2d Bold Symbol Support (DPC/FMi)
\symboldoperators=\mathgroup4
\symboldletters=\mathgroup5
\symboldsymbols=\mathgroup6
LaTeX Font Info:    Redeclaring math alphabet \mathbf on input line 141.
LaTeX Info: Redefining \bm on input line 209.
)
(/usr/share/texlive/texmf-dist/tex/latex/enumitem/enumitem.sty
Package: enumitem 2019/06/20 v3.9 Customized lists
\labelindent=\skip52
\enit@outerparindent=\dimen192
\enit@toks=\toks34
\enit@inbox=\box57
\enit@count@id=\count290
\enitdp@description=\count291
)
(/usr/share/texlive/texmf-dist/tex/latex/listings/listings.sty
\lst@mode=\count292
\lst@gtempboxa=\box58
\lst@token=\toks35
\lst@length=\count293
\lst@currlwidth=\dimen193
\lst@column=\count294
\lst@pos=\count295
\lst@lostspace=\dimen194
\lst@width=\dimen195
\lst@newlines=\count296
\lst@lineno=\count297
\lst@maxwidth=\dimen196

(/usr/share/texlive/texmf-dist/tex/latex/listings/lstmisc.sty
File: lstmisc.sty 2020/03/24 1.8d (Carsten Heinz)
\c@lstnumber=\count298
\lst@skipnumbers=\count299
\lst@framebox=\box59
)
(/usr/share/texlive/texmf-dist/tex/latex/listings/listings.cfg
File: listings.cfg 2020/03/24 1.8d listings configuration
))
Package: listings 2020/03/24 1.8d (Carsten Heinz)

(/usr/share/texlive/texmf-dist/tex/latex/tools/array.sty
Package: array 2020/10/01 v2.5c Tabular extension package (FMi)
\col@sep=\dimen197
\ar@mcellbox=\box60
\extrarowheight=\dimen198
\NC@list=\toks36
\extratabsurround=\skip53
\backup@length=\skip54
\ar@cellbox=\box61
)
(/usr/share/texlive/texmf-dist/tex/latex/tools/longtable.sty
Package: longtable 2020/01/07 v4.13 Multi-page Table package (DPC)
\LTleft=\skip55
\LTright=\skip56
\LTpre=\skip57
\LTpost=\skip58
\LTchunksize=\count300
\LTcapwidth=\dimen199
\LT@head=\box62
\LT@firsthead=\box63
\LT@foot=\box64
\LT@lastfoot=\box65
\LT@cols=\count301
\LT@rows=\count302
\c@LT@tables=\count303
\c@LT@chunks=\count304
\LT@p@ftn=\toks37
)
(/usr/share/texlive/texmf-dist/tex/latex/tools/calc.sty
Package: calc 2017/05/25 v4.3 Infix arithmetic (KKT,FJ)
\calc@Acount=\count305
\calc@Bcount=\count306
\calc@Adimen=\dimen256
\calc@Bdimen=\dimen257
\calc@Askip=\skip59
\calc@Bskip=\skip60
LaTeX Info: Redefining \setlength on input line 80.
LaTeX Info: Redefining \addtolength on input line 81.
\calc@Ccount=\count307
\calc@Cskip=\skip61
)
(/usr/share/texlive/texmf-dist/tex/latex/multirow/multirow.sty
Package: multirow 2021/01/29 v2.7 Span multiple rows of a table
\multirow@colwidth=\skip62
\multirow@cntb=\count308
\multirow@dima=\skip63
\bigstrutjot=\dimen258
)
(/usr/share/texlive/texmf-dist/tex/latex/tools/hhline.sty
Package: hhline 2020/01/04 v2.04 Table rule package (DPC)
)
(/usr/share/texlive/texmf-dist/tex/latex/graphics/lscape.sty
Package: lscape 2020/05/28 v3.02 Landscape Pages (DPC)
)
(/usr/share/texlive/texmf-dist/tex/latex/was/gensymb.sty
Package: gensymb 2003/07/02 v1.0 (WaS)
)
\hsizevalue=\dimen259
\vsizevalue=\dimen260
\c@temp=\count309

(/usr/share/texlive/texmf-dist/tex/latex/amsmath/amsmath.sty
Package: amsmath 2020/09/23 v2.17i AMS math features
\@mathmargin=\skip64

For additional information on amsmath, use the `?' option.
(/usr/share/texlive/texmf-dist/tex/latex/amsmath/amstext.sty
Package: amstext 2000/06/29 v2.01 AMS text

(/usr/share/texlive/texmf-dist/tex/latex/amsmath/amsgen.sty
File: amsgen.sty 1999/11/30 v2.0 generic functions
\@emptytoks=\toks38
\ex@=\dimen261
))
(/usr/share/texlive/texmf-dist/tex/latex/amsmath/amsbsy.sty
Package: amsbsy 1999/11/29 v1.2d Bold Symbols
LaTeX Info: Redefining \boldsymbol on input line 28.
\pmbraise@=\dimen262
)
(/usr/share/texlive/texmf-dist/tex/latex/amsmath/amsopn.sty
Package: amsopn 2016/03/08 v2.02 operator names
)
\inf@bad=\count310
LaTeX Info: Redefining \frac on input line 234.
\uproot@=\count311
\leftroot@=\count312
LaTeX Info: Redefining \overline on input line 399.
\classnum@=\count313
\DOTSCASE@=\count314
LaTeX Info: Redefining \ldots on input line 496.
LaTeX Info: Redefining \dots on input line 499.
LaTeX Info: Redefining \cdots on input line 620.
\Mathstrutbox@=\box66
\strutbox@=\box67
\big@size=\dimen263
LaTeX Font Info:    Redeclaring font encoding OML on input line 743.
LaTeX Font Info:    Redeclaring font encoding OMS on input line 744.
\macc@depth=\count315
\c@MaxMatrixCols=\count316
\dotsspace@=\muskip16
\c@parentequation=\count317
\dspbrk@lvl=\count318
\tag@help=\toks39
\row@=\count319
\column@=\count320
\maxfields@=\count321
\andhelp@=\toks40
\eqnshift@=\dimen264
\alignsep@=\dimen265
\tagshift@=\dimen266
\tagwidth@=\dimen267
\totwidth@=\dimen268
\lineht@=\dimen269
\@envbody=\toks41
\multlinegap=\skip65
\multlinetaggap=\skip66
\mathdisplay@stack=\toks42
LaTeX Info: Redefining \[ on input line 2923.
LaTeX Info: Redefining \] on input line 2924.
)
(/usr/share/texlive/texmf-dist/tex/latex/float/float.sty
Package: float 2001/11/08 v1.3d Float enhancements (AL)
\c@float@type=\count322
\float@exts=\toks43
\float@box=\box68
\@float@everytoks=\toks44
\@floatcapt=\box69
)
(/usr/share/texlive/texmf-dist/tex/latex/boites/boites.sty
File: boites.sty 
Package: boites 2013/11/21 v1.1 Colored, framed and breakable across pages boxe
s
\bk@bxb=\box70
\bk@bxa=\box71
\bk@lcnt=\count323
)
(/usr/share/texlive/texmf-dist/tex/latex/boites/boites_exemples.sty
File: boites_exemples.sty 
Package: boites_exemples 
\bk@hauteurcourrante=\dimen270
\bk@hauteursuivante=\dimen271
\bk@tempdim=\dimen272
\bk@fboxsep=\skip67
)
(/usr/share/texlive/texmf-dist/tex/latex/base/latexsym.sty
Package: latexsym 1998/08/17 v2.2e Standard LaTeX package (lasy symbols)
\symlasy=\mathgroup7
LaTeX Font Info:    Overwriting symbol font `lasy' in version `bold'
(Font)                  U/lasy/m/n --> U/lasy/b/n on input line 52.
)
(/usr/share/texlive/texmf-dist/tex/latex/mathtools/mathtools.sty
Package: mathtools 2020/03/24 v1.24 mathematical typesetting tools

(/usr/share/texlive/texmf-dist/tex/latex/mathtools/mhsetup.sty
Package: mhsetup 2017/03/31 v1.3 programming setup (MH)
)
LaTeX Info: Thecontrolsequence`\('isalreadyrobust on input line 130.
LaTeX Info: Thecontrolsequence`\)'isalreadyrobust on input line 130.
LaTeX Info: Thecontrolsequence`\['isalreadyrobust on input line 130.
LaTeX Info: Thecontrolsequence`\]'isalreadyrobust on input line 130.
\g_MT_multlinerow_int=\count324
\l_MT_multwidth_dim=\dimen273
\origjot=\skip68
\l_MT_shortvdotswithinadjustabove_dim=\dimen274
\l_MT_shortvdotswithinadjustbelow_dim=\dimen275
\l_MT_above_intertext_sep=\dimen276
\l_MT_below_intertext_sep=\dimen277
\l_MT_above_shortintertext_sep=\dimen278
\l_MT_below_shortintertext_sep=\dimen279
\xmathstrut@box=\box72
\xmathstrut@dim=\dimen280
)
(/usr/share/texlive/texmf-dist/tex/latex/amsfonts/amssymb.sty
Package: amssymb 2013/01/14 v3.01 AMS font symbols

(/usr/share/texlive/texmf-dist/tex/latex/amsfonts/amsfonts.sty
Package: amsfonts 2013/01/14 v3.01 Basic AMSFonts support
\symAMSa=\mathgroup8
\symAMSb=\mathgroup9
LaTeX Font Info:    Redeclaring math symbol \hbar on input line 98.
LaTeX Font Info:    Overwriting math alphabet `\mathfrak' in version `bold'
(Font)                  U/euf/m/n --> U/euf/b/n on input line 106.
))
(/usr/share/texlive/texmf-dist/tex/latex/amscls/amsthm.sty
Package: amsthm 2020/05/29 v2.20.6
\thm@style=\toks45
\thm@bodyfont=\toks46
\thm@headfont=\toks47
\thm@notefont=\toks48
\thm@headpunct=\toks49
\thm@preskip=\skip69
\thm@postskip=\skip70
\thm@headsep=\skip71
\dth@everypar=\toks50
)
(/usr/share/texlive/texmf-dist/tex/latex/jknapltx/mathrsfs.sty
Package: mathrsfs 1996/01/01 Math RSFS package v1.0 (jk)
\symrsfs=\mathgroup10
)
(/usr/share/texlive/texmf-dist/tex/latex/base/makeidx.sty
Package: makeidx 2014/09/29 v1.0m Standard LaTeX package
)
(/usr/share/texlive/texmf-dist/tex/latex/tools/verbatim.sty
Package: verbatim 2020-07-07 v1.5u LaTeX2e package for verbatim enhancements
\every@verbatim=\toks51
\verbatim@line=\toks52
\verbatim@in@stream=\read2
)
(/usr/share/texlive/texmf-dist/tex/latex/moreverb/moreverb.sty
Package: moreverb 2008/06/03 v2.3a `more' verbatim facilities
\tab@position=\count325
\tab@size=\count326
\listing@line=\count327
)
(/usr/share/texlive/texmf-dist/tex/latex/hyperref/hyperref.sty
Package: hyperref 2020-05-15 v7.00e Hypertext links for LaTeX

(/usr/share/texlive/texmf-dist/tex/generic/ltxcmds/ltxcmds.sty
Package: ltxcmds 2020-05-10 v1.25 LaTeX kernel commands for general use (HO)
)
(/usr/share/texlive/texmf-dist/tex/generic/pdftexcmds/pdftexcmds.sty
Package: pdftexcmds 2020-06-27 v0.33 Utility functions of pdfTeX for LuaTeX (HO
)

(/usr/share/texlive/texmf-dist/tex/generic/infwarerr/infwarerr.sty
Package: infwarerr 2019/12/03 v1.5 Providing info/warning/error messages (HO)
)
Package pdftexcmds Info: \pdf@primitive is available.
Package pdftexcmds Info: \pdf@ifprimitive is available.
Package pdftexcmds Info: \pdfdraftmode found.
)
(/usr/share/texlive/texmf-dist/tex/generic/kvsetkeys/kvsetkeys.sty
Package: kvsetkeys 2019/12/15 v1.18 Key value parser (HO)
)
(/usr/share/texlive/texmf-dist/tex/generic/kvdefinekeys/kvdefinekeys.sty
Package: kvdefinekeys 2019-12-19 v1.6 Define keys (HO)
)
(/usr/share/texlive/texmf-dist/tex/generic/pdfescape/pdfescape.sty
Package: pdfescape 2019/12/09 v1.15 Implements pdfTeX's escape features (HO)
)
(/usr/share/texlive/texmf-dist/tex/latex/hycolor/hycolor.sty
Package: hycolor 2020-01-27 v1.10 Color options for hyperref/bookmark (HO)
)
(/usr/share/texlive/texmf-dist/tex/latex/letltxmacro/letltxmacro.sty
Package: letltxmacro 2019/12/03 v1.6 Let assignment for LaTeX macros (HO)
)
(/usr/share/texlive/texmf-dist/tex/latex/auxhook/auxhook.sty
Package: auxhook 2019-12-17 v1.6 Hooks for auxiliary files (HO)
)
(/usr/share/texlive/texmf-dist/tex/latex/kvoptions/kvoptions.sty
Package: kvoptions 2020-10-07 v3.14 Key value format for package options (HO)
)
\@linkdim=\dimen281
\Hy@linkcounter=\count328
\Hy@pagecounter=\count329

(/usr/share/texlive/texmf-dist/tex/latex/hyperref/pd1enc.def
File: pd1enc.def 2020-05-15 v7.00e Hyperref: PDFDocEncoding definition (HO)
Now handling font encoding PD1 ...
... no UTF-8 mapping file for font encoding PD1
)
(/usr/share/texlive/texmf-dist/tex/generic/intcalc/intcalc.sty
Package: intcalc 2019/12/15 v1.3 Expandable calculations with integers (HO)
)
(/usr/share/texlive/texmf-dist/tex/generic/etexcmds/etexcmds.sty
Package: etexcmds 2019/12/15 v1.7 Avoid name clashes with e-TeX commands (HO)
)
\Hy@SavedSpaceFactor=\count330
Package hyperref Info: Hyper figures OFF on input line 4464.
Package hyperref Info: Link nesting OFF on input line 4469.
Package hyperref Info: Hyper index ON on input line 4472.
Package hyperref Info: Plain pages OFF on input line 4479.
Package hyperref Info: Backreferencing OFF on input line 4484.
Package hyperref Info: Implicit mode ON; LaTeX internals redefined.
Package hyperref Info: Bookmarks ON on input line 4717.
\c@Hy@tempcnt=\count331

(/usr/share/texlive/texmf-dist/tex/latex/url/url.sty
\Urlmuskip=\muskip17
Package: url 2013/09/16  ver 3.4  Verb mode for urls, etc.
)
LaTeX Info: Redefining \url on input line 5076.
\XeTeXLinkMargin=\dimen282

(/usr/share/texlive/texmf-dist/tex/generic/bitset/bitset.sty
Package: bitset 2019/12/09 v1.3 Handle bit-vector datatype (HO)

(/usr/share/texlive/texmf-dist/tex/generic/bigintcalc/bigintcalc.sty
Package: bigintcalc 2019/12/15 v1.5 Expandable calculations on big integers (HO
)
))
\Fld@menulength=\count332
\Field@Width=\dimen283
\Fld@charsize=\dimen284
Package hyperref Info: Hyper figures OFF on input line 6347.
Package hyperref Info: Link nesting OFF on input line 6352.
Package hyperref Info: Hyper index ON on input line 6355.
Package hyperref Info: backreferencing OFF on input line 6362.
Package hyperref Info: Link coloring OFF on input line 6367.
Package hyperref Info: Link coloring with OCG OFF on input line 6372.
Package hyperref Info: PDF/A mode OFF on input line 6377.
LaTeX Info: Redefining \ref on input line 6417.
LaTeX Info: Redefining \pageref on input line 6421.

(/usr/share/texlive/texmf-dist/tex/latex/base/atbegshi-ltx.sty
Package: atbegshi-ltx 2020/08/17 v1.0a Emulation of the original atbegshi packa
ge
with kernel methods
)
\Hy@abspage=\count333
\c@Item=\count334
\c@Hfootnote=\count335
)
Package hyperref Info: Driver (autodetected): hpdftex.

(/usr/share/texlive/texmf-dist/tex/latex/hyperref/hpdftex.def
File: hpdftex.def 2020-05-15 v7.00e Hyperref driver for pdfTeX

(/usr/share/texlive/texmf-dist/tex/latex/base/atveryend-ltx.sty
Package: atveryend-ltx 2020/08/19 v1.0a Emulation of the original atvery packag
e
with kernel methods
)
\Fld@listcount=\count336
\c@bookmark@seq@number=\count337

(/usr/share/texlive/texmf-dist/tex/latex/rerunfilecheck/rerunfilecheck.sty
Package: rerunfilecheck 2019/12/05 v1.9 Rerun checks for auxiliary files (HO)

(/usr/share/texlive/texmf-dist/tex/generic/uniquecounter/uniquecounter.sty
Package: uniquecounter 2019/12/15 v1.4 Provide unlimited unique counter (HO)
)
Package uniquecounter Info: New unique counter `rerunfilecheck' on input line 2
86.
)
\Hy@SectionHShift=\skip72
)
Package hyperref Info: Option `bookmarksopen' set `false' on input line 119.

(/usr/share/texlive/texmf-dist/tex/latex/breakurl/breakurl.sty
Package: breakurl 2013/04/10 v1.40 Breakable hyperref URLs

(/usr/share/texlive/texmf-dist/tex/generic/iftex/ifpdf.sty
Package: ifpdf 2019/10/25 v3.4 ifpdf legacy package. Use iftex instead.
)

Package breakurl Warning: You are using breakurl while processing via pdflatex.

(breakurl)                \burl will be just a synonym of \url.
(breakurl)                 on input line 48.

)
\outermargin=\skip73
\emailcount=\count338
\punctcount=\count339
\aucount=\count340
\corrauthcount=\count341
\c@affn=\count342
\addcount=\count343
\adjtitleskip=\skip74
\QELftRghtDimen=\skip75
\featuretitcnt=\count344
\c@scheme=\count345
\c@theorem=\count346
\c@lemma=\count347
\c@corollary=\count348
\c@example=\count349
\c@definition=\count350
\c@remark=\count351
\c@exer=\count352
\tabbodybox=\box73
\chktabbodywdbox=\box74
\eqnarraycolsep=\skip76
\safetymargin=\dimen285
\safetypaperheight=\dimen286
\safetypaperwidth=\dimen287
\blrlwd=\skip77
\bleed=\dimen288
\bleedruleht=\skip78
\brlmvdn=\skip79
\cropraisedimen=\skip80
\margwidth=\dimen289
\pagecntcntr=\count353
LaTeX Info: Redefining \emph on input line 1713.
\temQEcnt=\count354
\authhsize=\dimen290
\QueryCnt=\count355
\aqadjdim=\dimen291
\LASTPAGENO=\count356
\TmpCnt=\count357
\iletterskip=\skip81
\c@rem=\count358
) (/usr/share/texlive/texmf-dist/tex/latex/natbib/natbib.sty
Package: natbib 2010/09/13 8.31b (PWD, AO)
\bibhang=\skip82
\bibsep=\skip83
LaTeX Info: Redefining \cite on input line 694.
\c@NAT@ctr=\count359
)
\@indexfile=\write3
\openout3 = `main.idx'.


Writing index file main.idx
(./main.aux)
\openout1 = `main.aux'.

LaTeX Font Info:    Checking defaults for OML/cmm/m/it on input line 25.
LaTeX Font Info:    ... okay on input line 25.
LaTeX Font Info:    Checking defaults for OMS/cmsy/m/n on input line 25.
LaTeX Font Info:    ... okay on input line 25.
LaTeX Font Info:    Checking defaults for OT1/cmr/m/n on input line 25.
LaTeX Font Info:    ... okay on input line 25.
LaTeX Font Info:    Checking defaults for T1/cmr/m/n on input line 25.
LaTeX Font Info:    ... okay on input line 25.
LaTeX Font Info:    Checking defaults for TS1/cmr/m/n on input line 25.
LaTeX Font Info:    ... okay on input line 25.
LaTeX Font Info:    Checking defaults for OMX/cmex/m/n on input line 25.
LaTeX Font Info:    ... okay on input line 25.
LaTeX Font Info:    Checking defaults for U/cmr/m/n on input line 25.
LaTeX Font Info:    ... okay on input line 25.
LaTeX Font Info:    Checking defaults for PD1/pdf/m/n on input line 25.
LaTeX Font Info:    ... okay on input line 25.

*geometry* driver: auto-detecting
*geometry* detected driver: pdftex
*geometry* verbose mode - [ preamble ] result:
* driver: pdftex
* paper: <default>
* layout: <same size as paper>
* layoutoffset:(h,v)=(0.0pt,0.0pt)
* modes: twoside 
* h-part:(L,W,R)=(108.405pt, 433.62001pt, 72.26999pt)
* v-part:(T,H,B)=(95.39737pt, 556.47656pt, 143.09605pt)
* \paperwidth=614.295pt
* \paperheight=794.96999pt
* \textwidth=433.62001pt
* \textheight=556.47656pt
* \oddsidemargin=72.26999pt
* \evensidemargin=0.0pt
* \topmargin=60.0pt
* \headheight=36.0pt
* \headsep=36.0pt
* \topskip=11.0pt
* \footskip=24.0pt
* \marginparwidth=116.0pt
* \marginparsep=7.0pt
* \columnsep=10.0pt
* \skip\footins=24.0pt
* \hoffset=0.0pt
* \voffset=0.0pt
* \mag=1000
* \@twocolumnfalse
* \@twosidetrue
* \@mparswitchtrue
* \@reversemarginfalse
* (1in=72.27pt=25.4mm, 1cm=28.453pt)

(/usr/share/texlive/texmf-dist/tex/context/base/mkii/supp-pdf.mkii
[Loading MPS to PDF converter (version 2006.09.02).]
\scratchcounter=\count360
\scratchdimen=\dimen292
\scratchbox=\box75
\nofMPsegments=\count361
\nofMParguments=\count362
\everyMPshowfont=\toks53
\MPscratchCnt=\count363
\MPscratchDim=\dimen293
\MPnumerator=\count364
\makeMPintoPDFobject=\count365
\everyMPtoPDFconversion=\toks54
) (/usr/share/texlive/texmf-dist/tex/latex/epstopdf-pkg/epstopdf-base.sty
Package: epstopdf-base 2020-01-24 v2.11 Base part for package epstopdf

(/usr/share/texlive/texmf-dist/tex/latex/grfext/grfext.sty
Package: grfext 2019/12/03 v1.3 Manage graphics extensions (HO)
)
Package epstopdf-base Info: Redefining graphics rule for `.eps' on input line 4
85.
Package grfext Info: Graphics extension search list:
(grfext)             [.pdf,.png,.jpg,.mps,.jpeg,.jbig2,.jb2,.PDF,.PNG,.JPG,.JPE
G,.JBIG2,.JB2,.eps]
(grfext)             \AppendGraphicsExtensions on input line 504.

(/usr/share/texlive/texmf-dist/tex/latex/latexconfig/epstopdf-sys.cfg
File: epstopdf-sys.cfg 2010/07/13 v1.3 Configuration of (r)epstopdf for TeX Liv
e
))
\c@lstlisting=\count366
LaTeX Info: Redefining \celsius on input line 25.
Package gensymb Info: Faking symbols for \degree and \celsius on input line 25.



Package gensymb Warning: Not defining \perthousand.

LaTeX Info: Redefining \ohm on input line 25.
Package gensymb Info: Using \Omega for \ohm on input line 25.

Package gensymb Warning: Not defining \micro.

(/usr/share/texlive/texmf-dist/tex/latex/setspace/setspace.sty
Package: setspace 2011/12/19 v6.7a set line spacing
)
Package hyperref Info: Link coloring OFF on input line 25.

(/usr/share/texlive/texmf-dist/tex/latex/hyperref/nameref.sty
Package: nameref 2019/09/16 v2.46 Cross-referencing by name of section

(/usr/share/texlive/texmf-dist/tex/latex/refcount/refcount.sty
Package: refcount 2019/12/15 v3.6 Data extraction from label references (HO)
)
(/usr/share/texlive/texmf-dist/tex/generic/gettitlestring/gettitlestring.sty
Package: gettitlestring 2019/12/15 v1.6 Cleanup title references (HO)
)
\c@section@level=\count367
)
LaTeX Info: Redefining \ref on input line 25.
LaTeX Info: Redefining \pageref on input line 25.
LaTeX Info: Redefining \nameref on input line 25.

(./main.out) (./main.out)
\@outlinefile=\write4
\openout4 = `main.out'.

<figs/logo.jpg, id=124, 642.4pt x 642.4pt>
File: figs/logo.jpg Graphic file (type jpg)
<use figs/logo.jpg>
Package pdftex.def Info: figs/logo.jpg  used on input line 51.
(pdftex.def)             Requested size: 128.47772pt x 128.47772pt.

Underfull \vbox (badness 10000) has occurred while \output is active []


Underfull \vbox (badness 10000) has occurred while \output is active []

 [1
Non-PDF special ignored!
<special> header=pstricks.pro
Non-PDF special ignored!
<special> header=pst-algparser.pro
Non-PDF special ignored!
<special> header=pst-tools.pro
Non-PDF special ignored!
<special> header=pst-dots.pro
Non-PDF special ignored!
<special> header=pst-grad.pro

Non-PDF special ignored!
<special> ps: /pssetRGBcolor /setrgbcolor load def /pssetCMYKcolor /setcmyk...
Non-PDF special ignored!
<special> ps:tx@Dict begin  gsave STV CP T /ps@rot 0 def grestore  end
Non-PDF special ignored!
<special> ps:tx@Dict begin  gsave STV CP T /ps@refangle 0.  def grestore  e...

{/var/lib/texmf/fonts/map/pdftex/updmap/pdftex.map} <./figs/logo.jpg>]
Underfull \vbox (badness 10000) has occurred while \output is active []


Underfull \vbox (badness 10000) has occurred while \output is active []

 [2]
(./main.toc
LaTeX Font Info:    Trying to load font information for U+lasy on input line 5.

 (/usr/share/texlive/texmf-dist/tex/latex/base/ulasy.fd
File: ulasy.fd 1998/08/17 v2.2e LaTeX symbol font definitions
)
LaTeX Font Info:    Trying to load font information for U+msa on input line 5.

(/usr/share/texlive/texmf-dist/tex/latex/amsfonts/umsa.fd
File: umsa.fd 2013/01/14 v3.01 AMS symbols A
)
LaTeX Font Info:    Trying to load font information for U+msb on input line 5.

(/usr/share/texlive/texmf-dist/tex/latex/amsfonts/umsb.fd
File: umsb.fd 2013/01/14 v3.01 AMS symbols B
)
LaTeX Font Info:    Trying to load font information for U+rsfs on input line 5.


(/usr/share/texlive/texmf-dist/tex/latex/jknapltx/ursfs.fd
File: ursfs.fd 1998/03/24 rsfs font definition file (jk)
)
Underfull \vbox (badness 10000) has occurred while \output is active []


Underfull \vbox (badness 10000) has occurred while \output is active []

 [3

])
\tf@toc=\write5
\openout5 = `main.toc'.


Underfull \vbox (badness 10000) has occurred while \output is active []


Underfull \vbox (badness 10000) has occurred while \output is active []

pdfTeX warning (ext4): destination with the same identifier (name{page.i}) has 
been already used, duplicate ignored
<to be read again> 
                   \relax 
l.195 \begin{introduction}
                           [1]
Underfull \vbox (badness 10000) has occurred while \output is active []


Underfull \vbox (badness 10000) has occurred while \output is active []

pdfTeX warning (ext4): destination with the same identifier (name{page.ii}) has
 been already used, duplicate ignored
<to be read again> 
                   \relax 
l.195 \begin{introduction}
                           [2

]

Package hyperref Warning: bookmark level for unknown schapter defaults to 0.


Underfull \vbox (badness 10000) has occurred while \output is active []


Underfull \vbox (badness 10000) has occurred while \output is active []

pdfTeX warning (ext4): destination with the same identifier (name{page.iii}) ha
s been already used, duplicate ignored
<to be read again> 
                   \relax 
l.200 \mainmatter
                  [3

]
Underfull \vbox (badness 10000) has occurred while \output is active []


Underfull \vbox (badness 10000) has occurred while \output is active []

 [4

]
Chapter 1.
(./opt/defn.tex
Underfull \vbox (badness 10000) has occurred while \output is active []


Underfull \vbox (badness 10000) has occurred while \output is active []

 [1

]
Underfull \vbox (badness 10000) has occurred while \output is active []


Underfull \vbox (badness 10000) has occurred while \output is active []


Underfull \vbox (badness 10000) has occurred while \output is active []

 [2]
Underfull \vbox (badness 10000) has occurred while \output is active []


Underfull \vbox (badness 10000) has occurred while \output is active []


Underfull \vbox (badness 10000) has occurred while \output is active []

 [3])
Underfull \vbox (badness 10000) has occurred while \output is active []


Underfull \vbox (badness 10000) has occurred while \output is active []

 [4]
Chapter 2.
(./opt/conv.tex
Underfull \vbox (badness 10000) has occurred while \output is active []


Underfull \vbox (badness 10000) has occurred while \output is active []


Underfull \vbox (badness 10000) has occurred while \output is active []

 [5

]

LaTeX Warning: File `./opt/figs/convex.eps' not found on input line 50.

Package epstopdf Info: Source file: <./opt/figs/convex.eps>
(epstopdf)             Output file: <./opt/figs/convex-eps-converted-to.pdf>
(epstopdf)                    date: 2023-02-03 13:09:53
(epstopdf)                    size: 11554 bytes
(epstopdf)             Command: <repstopdf --outfile=./opt/figs/convex-eps-conv
erted-to.pdf ./opt/figs/convex.eps>
(epstopdf)             \includegraphics on input line 50.
Package epstopdf Info: Output file is already uptodate.
<./opt/figs/convex-eps-converted-to.pdf, id=273, 462.52798pt x 346.89601pt>
File: ./opt/figs/convex-eps-converted-to.pdf Graphic file (type pdf)
<use ./opt/figs/convex-eps-converted-to.pdf>
Package pdftex.def Info: ./opt/figs/convex-eps-converted-to.pdf  used on input 
line 50.
(pdftex.def)             Requested size: 433.62001pt x 325.23009pt.

Underfull \vbox (badness 1005) has occurred while \output is active []


Underfull \vbox (badness 10000) has occurred while \output is active []


Underfull \vbox (badness 10000) has occurred while \output is active []

 [6])
Underfull \vbox (badness 10000) has occurred while \output is active []


Underfull \vbox (badness 10000) has occurred while \output is active []

 [7 <./opt/figs/convex-eps-converted-to.pdf>]
Underfull \vbox (badness 10000) has occurred while \output is active []


Underfull \vbox (badness 10000) has occurred while \output is active []

 [8

]
Chapter 3.
(./opt/grad_des.tex
Underfull \vbox (badness 10000) has occurred while \output is active []


Underfull \vbox (badness 10000) has occurred while \output is active []

 [9])
(./examples/misc.tex (./12/6/5/1/1/2/grad.tex
<12/6/5/1/1/2/figs/Gradient.pdf, id=346, 462.52798pt x 346.89601pt>
File: 12/6/5/1/1/2/figs/Gradient.pdf Graphic file (type pdf)
<use 12/6/5/1/1/2/figs/Gradient.pdf>
Package pdftex.def Info: 12/6/5/1/1/2/figs/Gradient.pdf  used on input line 74.

(pdftex.def)             Requested size: 433.62001pt x 325.23009pt.
)

LaTeX Warning: `!h' float specifier changed to `!ht'.


Underfull \vbox (badness 10000) has occurred while \output is active []


Underfull \vbox (badness 10000) has occurred while \output is active []

 [10]
(./12/6/5/17/grad/grad.tex
Underfull \vbox (badness 10000) has occurred while \output is active []


Underfull \vbox (badness 10000) has occurred while \output is active []


Underfull \vbox (badness 10000) has occurred while \output is active []

 [11 <./12/6/5/1/1/2/figs/Gradient.pdf>]
Underfull \vbox (badness 10000) has occurred while \output is active []


Underfull \vbox (badness 10000) has occurred while \output is active []


Underfull \vbox (badness 10000) has occurred while \output is active []

 [12]
(./12/6/5/17/grad/tables/table1.tex)
Underfull \vbox (badness 10000) has occurred while \output is active []


Underfull \vbox (badness 10000) has occurred while \output is active []


Underfull \vbox (badness 10000) has occurred while \output is active []

 [13])
(./12/6/5/6/grad.tex
Underfull \vbox (badness 10000) has occurred while \output is active []


Underfull \vbox (badness 10000) has occurred while \output is active []

 [14]
<12/6/5/6/figs/opt_basic.png, id=462, 782.925pt x 644.4075pt>
File: 12/6/5/6/figs/opt_basic.png Graphic file (type png)
<use 12/6/5/6/figs/opt_basic.png>
Package pdftex.def Info: 12/6/5/6/figs/opt_basic.png  used on input line 104.
(pdftex.def)             Requested size: 433.62001pt x 356.9031pt.
)
(./12/6/5/7/grad.tex
<12/6/5/7/figs/opt2.pdf, id=464, 462.52798pt x 346.89601pt>
File: 12/6/5/7/figs/opt2.pdf Graphic file (type pdf)
<use 12/6/5/7/figs/opt2.pdf>
Package pdftex.def Info: 12/6/5/7/figs/opt2.pdf  used on input line 30.
(pdftex.def)             Requested size: 433.62001pt x 325.23009pt.

Underfull \vbox (badness 10000) has occurred while \output is active []


Underfull \vbox (badness 10000) has occurred while \output is active []


Underfull \vbox (badness 10000) has occurred while \output is active []

 [15]
Underfull \vbox (badness 10000) has occurred while \output is active []


Underfull \vbox (badness 10000) has occurred while \output is active []

 [16 <./12/6/5/6/figs/opt_basic.png>]) (./12/6/5/8/grad.tex
Underfull \vbox (badness 10000) has occurred while \output is active []


Underfull \vbox (badness 10000) has occurred while \output is active []

 [17 <./12/6/5/7/figs/opt2.pdf>]
<12/6/5/8/figs/a.png, id=531, 462.52798pt x 346.89601pt>
File: 12/6/5/8/figs/a.png Graphic file (type png)
<use 12/6/5/8/figs/a.png>
Package pdftex.def Info: 12/6/5/8/figs/a.png  used on input line 29.
(pdftex.def)             Requested size: 433.62001pt x 325.23009pt.

Underfull \vbox (badness 10000) has occurred while \output is active []


Underfull \vbox (badness 10000) has occurred while \output is active []


Underfull \vbox (badness 10000) has occurred while \output is active []

 [18 <./12/6/5/8/figs/a.png>]) (./12/6/5/10/grad.tex

LaTeX Warning: Command \textendash invalid in math mode on input line 48.


Underfull \vbox (badness 10000) has occurred while \output is active []


Underfull \vbox (badness 10000) has occurred while \output is active []


Underfull \vbox (badness 10000) has occurred while \output is active []

 [19]
<12/6/5/10/figs/opt_basic.png, id=588, 613.29124pt x 461.725pt>
File: 12/6/5/10/figs/opt_basic.png Graphic file (type png)
<use 12/6/5/10/figs/opt_basic.png>
Package pdftex.def Info: 12/6/5/10/figs/opt_basic.png  used on input line 75.
(pdftex.def)             Requested size: 433.62001pt x 326.46025pt.
)
(./12/6/5/11/grad.tex
Underfull \vbox (badness 10000) has occurred while \output is active []


Underfull \vbox (badness 10000) has occurred while \output is active []

 [20 <./12/6/5/10/figs/opt_basic.png>]
<12/6/5/11/figs/b.png, id=598, 462.528pt x 346.896pt>
File: 12/6/5/11/figs/b.png Graphic file (type png)
<use 12/6/5/11/figs/b.png>
Package pdftex.def Info: 12/6/5/11/figs/b.png  used on input line 81.
(pdftex.def)             Requested size: 433.62001pt x 325.23007pt.
) (./12/6/6/14/grad.tex
<12/6/6/14/figs/opt.png, id=599, 462.528pt x 346.896pt>
File: 12/6/6/14/figs/opt.png Graphic file (type png)
<use 12/6/6/14/figs/opt.png>
Package pdftex.def Info: 12/6/6/14/figs/opt.png  used on input line 34.
(pdftex.def)             Requested size: 433.62001pt x 325.23007pt.

Underfull \vbox (badness 10000) has occurred while \output is active []


Underfull \vbox (badness 10000) has occurred while \output is active []


Underfull \vbox (badness 10000) has occurred while \output is active []

 [21]
Underfull \vbox (badness 10000) has occurred while \output is active []


Underfull \vbox (badness 10000) has occurred while \output is active []

 [22 <./12/6/5/11/figs/b.png>]
Underfull \vbox (badness 10000) has occurred while \output is active []


Underfull \vbox (badness 10000) has occurred while \output is active []


Underfull \vbox (badness 10000) has occurred while \output is active []

 [23 <./12/6/6/14/figs/opt.png>]))
Underfull \vbox (badness 10000) has occurred while \output is active []


Underfull \vbox (badness 10000) has occurred while \output is active []

 [24]
Chapter 4.
(./manual/lagrange.tex
Package epstopdf Info: Source file: <./manual/figs/2.1.eps>
(epstopdf)                    date: 2023-01-10 11:26:03
(epstopdf)                    size: 47177 bytes
(epstopdf)             Output file: <./manual/figs/2.1-eps-converted-to.pdf>
(epstopdf)                    date: 2023-01-10 11:26:03
(epstopdf)                    size: 20674 bytes
(epstopdf)             Command: <repstopdf --outfile=./manual/figs/2.1-eps-conv
erted-to.pdf ./manual/figs/2.1.eps>
(epstopdf)             \includegraphics on input line 663.
Package epstopdf Info: Output file is already uptodate.
<./manual/figs/2.1-eps-converted-to.pdf, id=640, 578.16pt x 433.62pt>
File: ./manual/figs/2.1-eps-converted-to.pdf Graphic file (type pdf)
<use ./manual/figs/2.1-eps-converted-to.pdf>
Package pdftex.def Info: ./manual/figs/2.1-eps-converted-to.pdf  used on input 
line 663.
(pdftex.def)             Requested size: 433.62001pt x 325.2142pt.

Underfull \vbox (badness 10000) has occurred while \output is active []


Underfull \vbox (badness 10000) has occurred while \output is active []


Underfull \vbox (badness 10000) has occurred while \output is active []

 [25

]
Underfull \vbox (badness 10000) has occurred while \output is active []


Underfull \vbox (badness 10000) has occurred while \output is active []


Underfull \vbox (badness 10000) has occurred while \output is active []

 [26 <./manual/figs/2.1-eps-converted-to.pdf>]) (./manual/inequality.tex
Underfull \vbox (badness 10000) has occurred while \output is active []


Underfull \vbox (badness 10000) has occurred while \output is active []


Underfull \vbox (badness 10000) has occurred while \output is active []

 [27]
Package epstopdf Info: Source file: <./manual/figs/2.4.eps>
(epstopdf)                    date: 2023-01-10 11:26:03
(epstopdf)                    size: 44597 bytes
(epstopdf)             Output file: <./manual/figs/2.4-eps-converted-to.pdf>
(epstopdf)                    date: 2023-01-10 11:26:03
(epstopdf)                    size: 17745 bytes
(epstopdf)             Command: <repstopdf --outfile=./manual/figs/2.4-eps-conv
erted-to.pdf ./manual/figs/2.4.eps>
(epstopdf)             \includegraphics on input line 809.
Package epstopdf Info: Output file is already uptodate.
<./manual/figs/2.4-eps-converted-to.pdf, id=712, 578.16pt x 433.62pt>
File: ./manual/figs/2.4-eps-converted-to.pdf Graphic file (type pdf)
<use ./manual/figs/2.4-eps-converted-to.pdf>
Package pdftex.def Info: ./manual/figs/2.4-eps-converted-to.pdf  used on input 
line 809.
(pdftex.def)             Requested size: 433.62001pt x 325.2142pt.

Underfull \vbox (badness 10000) has occurred while \output is active []


Underfull \vbox (badness 10000) has occurred while \output is active []

 [28]
Underfull \vbox (badness 10000) has occurred while \output is active []


Underfull \vbox (badness 10000) has occurred while \output is active []


Underfull \vbox (badness 10000) has occurred while \output is active []

 [29 <./manual/figs/2.4-eps-converted-to.pdf>]
Package epstopdf Info: Source file: <./manual/figs/2.7.eps>
(epstopdf)                    date: 2023-01-10 11:26:03
(epstopdf)                    size: 43984 bytes
(epstopdf)             Output file: <./manual/figs/2.7-eps-converted-to.pdf>
(epstopdf)                    date: 2023-01-10 11:26:03
(epstopdf)                    size: 17961 bytes
(epstopdf)             Command: <repstopdf --outfile=./manual/figs/2.7-eps-conv
erted-to.pdf ./manual/figs/2.7.eps>
(epstopdf)             \includegraphics on input line 852.
Package epstopdf Info: Output file is already uptodate.
<./manual/figs/2.7-eps-converted-to.pdf, id=762, 578.16pt x 433.62pt>
File: ./manual/figs/2.7-eps-converted-to.pdf Graphic file (type pdf)
<use ./manual/figs/2.7-eps-converted-to.pdf>
Package pdftex.def Info: ./manual/figs/2.7-eps-converted-to.pdf  used on input 
line 852.
(pdftex.def)             Requested size: 433.62001pt x 325.2142pt.
 (./manual/figs/tab.2.7.tex
\gnumericTableWidth=\skip84
\gnumericTableWidthComplete=\skip85
\gnumericMultiRowLength=\skip86
\gnumericColA=\skip87
\gnumericColB=\skip88
\gnumericColC=\skip89


LaTeX Warning: `!h' float specifier changed to `!ht'.

)
Underfull \vbox (badness 10000) has occurred while \output is active []


Underfull \vbox (badness 10000) has occurred while \output is active []


Underfull \vbox (badness 10000) has occurred while \output is active []

 [30 <./manual/figs/2.7-eps-converted-to.pdf>]
Package epstopdf Info: Source file: <./manual/figs/2.8.eps>
(epstopdf)                    date: 2023-01-10 11:26:03
(epstopdf)                    size: 44518 bytes
(epstopdf)             Output file: <./manual/figs/2.8-eps-converted-to.pdf>
(epstopdf)                    date: 2023-01-10 11:26:03
(epstopdf)                    size: 18767 bytes
(epstopdf)             Command: <repstopdf --outfile=./manual/figs/2.8-eps-conv
erted-to.pdf ./manual/figs/2.8.eps>
(epstopdf)             \includegraphics on input line 881.
Package epstopdf Info: Output file is already uptodate.
<./manual/figs/2.8-eps-converted-to.pdf, id=801, 578.16pt x 433.62pt>
File: ./manual/figs/2.8-eps-converted-to.pdf Graphic file (type pdf)
<use ./manual/figs/2.8-eps-converted-to.pdf>
Package pdftex.def Info: ./manual/figs/2.8-eps-converted-to.pdf  used on input 
line 881.
(pdftex.def)             Requested size: 433.62001pt x 325.2142pt.

Underfull \vbox (badness 10000) has occurred while \output is active []


Underfull \vbox (badness 10000) has occurred while \output is active []

 [31]
Underfull \vbox (badness 10000) has occurred while \output is active []


Underfull \vbox (badness 10000) has occurred while \output is active []


Underfull \vbox (badness 10000) has occurred while \output is active []

 [32 <./manual/figs/2.8-eps-converted-to.pdf>]) (./manual/kkt.tex
Underfull \vbox (badness 10000) has occurred while \output is active []


Underfull \vbox (badness 10000) has occurred while \output is active []


Underfull \vbox (badness 10000) has occurred while \output is active []

 [33]
Package epstopdf Info: Source file: <./manual/figs/2.12_1.eps>
(epstopdf)                    date: 2023-01-10 11:26:03
(epstopdf)                    size: 29787 bytes
(epstopdf)             Output file: <./manual/figs/2.12_1-eps-converted-to.pdf>

(epstopdf)                    date: 2023-01-10 11:26:03
(epstopdf)                    size: 13840 bytes
(epstopdf)             Command: <repstopdf --outfile=./manual/figs/2.12_1-eps-c
onverted-to.pdf ./manual/figs/2.12_1.eps>
(epstopdf)             \includegraphics on input line 1083.
Package epstopdf Info: Output file is already uptodate.
<./manual/figs/2.12_1-eps-converted-to.pdf, id=864, 462.72874pt x 346.29375pt>
File: ./manual/figs/2.12_1-eps-converted-to.pdf Graphic file (type pdf)
<use ./manual/figs/2.12_1-eps-converted-to.pdf>
Package pdftex.def Info: ./manual/figs/2.12_1-eps-converted-to.pdf  used on inp
ut line 1083.
(pdftex.def)             Requested size: 433.62001pt x 324.51219pt.
Package epstopdf Info: Source file: <./manual/figs/2.12_2.eps>
(epstopdf)                    date: 2023-01-10 11:26:03
(epstopdf)                    size: 29029 bytes
(epstopdf)             Output file: <./manual/figs/2.12_2-eps-converted-to.pdf>

(epstopdf)                    date: 2023-01-10 11:26:03
(epstopdf)                    size: 13143 bytes
(epstopdf)             Command: <repstopdf --outfile=./manual/figs/2.12_2-eps-c
onverted-to.pdf ./manual/figs/2.12_2.eps>
(epstopdf)             \includegraphics on input line 1092.
Package epstopdf Info: Output file is already uptodate.
<./manual/figs/2.12_2-eps-converted-to.pdf, id=865, 462.72874pt x 346.29375pt>
File: ./manual/figs/2.12_2-eps-converted-to.pdf Graphic file (type pdf)
<use ./manual/figs/2.12_2-eps-converted-to.pdf>
Package pdftex.def Info: ./manual/figs/2.12_2-eps-converted-to.pdf  used on inp
ut line 1092.
(pdftex.def)             Requested size: 433.62001pt x 324.51219pt.

Underfull \vbox (badness 10000) has occurred while \output is active []


Underfull \vbox (badness 10000) has occurred while \output is active []

 [34]
Underfull \vbox (badness 10000) has occurred while \output is active []


Underfull \vbox (badness 10000) has occurred while \output is active []


Underfull \vbox (badness 10000) has occurred while \output is active []

 [35 <./manual/figs/2.12_1-eps-converted-to.pdf>]
Underfull \vbox (badness 10000) has occurred while \output is active []


Underfull \vbox (badness 10000) has occurred while \output is active []

 [36 <./manual/figs/2.12_2-eps-converted-to.pdf>]
Underfull \vbox (badness 10000) has occurred while \output is active []


Underfull \vbox (badness 10000) has occurred while \output is active []


Underfull \vbox (badness 10000) has occurred while \output is active []

 [37]
Package epstopdf Info: Source file: <./manual/figs/2.15.eps>
(epstopdf)                    date: 2023-01-10 11:26:03
(epstopdf)                    size: 33293 bytes
(epstopdf)             Output file: <./manual/figs/2.15-eps-converted-to.pdf>
(epstopdf)                    date: 2023-01-10 11:26:03
(epstopdf)                    size: 15946 bytes
(epstopdf)             Command: <repstopdf --outfile=./manual/figs/2.15-eps-con
verted-to.pdf ./manual/figs/2.15.eps>
(epstopdf)             \includegraphics on input line 1235.
Package epstopdf Info: Output file is already uptodate.
<./manual/figs/2.15-eps-converted-to.pdf, id=973, 578.16pt x 433.62pt>
File: ./manual/figs/2.15-eps-converted-to.pdf Graphic file (type pdf)
<use ./manual/figs/2.15-eps-converted-to.pdf>
Package pdftex.def Info: ./manual/figs/2.15-eps-converted-to.pdf  used on input
 line 1235.
(pdftex.def)             Requested size: 433.62001pt x 325.2142pt.
)
(./examples/nonconv.tex (./12/6/5/17/lagmul/lagmul.tex
Underfull \vbox (badness 10000) has occurred while \output is active []


Underfull \vbox (badness 10000) has occurred while \output is active []


Underfull \vbox (badness 10000) has occurred while \output is active []

 [38 <./manual/figs/2.15-eps-converted-to.pdf>]
Underfull \vbox (badness 10000) has occurred while \output is active []


Underfull \vbox (badness 10000) has occurred while \output is active []


Underfull \vbox (badness 10000) has occurred while \output is active []

 [39]
Underfull \vbox (badness 10000) has occurred while \output is active []


Underfull \vbox (badness 10000) has occurred while \output is active []


Underfull \vbox (badness 10000) has occurred while \output is active []

 [40])
Underfull \vbox (badness 1448) has occurred while \output is active []


Underfull \vbox (badness 10000) has occurred while \output is active []


Underfull \vbox (badness 10000) has occurred while \output is active []

 [41]
(./12/6/5/27/nonconv/nonconv/nonconv.tex
Underfull \vbox (badness 10000) has occurred while \output is active []


Underfull \vbox (badness 10000) has occurred while \output is active []


Underfull \vbox (badness 10000) has occurred while \output is active []

 [42]))
Underfull \vbox (badness 10000) has occurred while \output is active []


Underfull \vbox (badness 10000) has occurred while \output is active []

 [43]
Underfull \vbox (badness 10000) has occurred while \output is active []


Underfull \vbox (badness 10000) has occurred while \output is active []

 [44

]
Chapter 5.
(./examples/perp.tex (./11/10/3/3/1/conv/conv.tex
Underfull \vbox (badness 10000) has occurred while \output is active []


Underfull \vbox (badness 10000) has occurred while \output is active []


Underfull \vbox (badness 10000) has occurred while \output is active []

 [45]
Underfull \vbox (badness 10000) has occurred while \output is active []


Underfull \vbox (badness 10000) has occurred while \output is active []


Underfull \vbox (badness 10000) has occurred while \output is active []

 [46]
Underfull \vbox (badness 10000) has occurred while \output is active []


Underfull \vbox (badness 10000) has occurred while \output is active []


Underfull \vbox (badness 10000) has occurred while \output is active []

 [47]
<11/10/3/3/1/conv/figs/problem3.1a.pdf, id=1126, 462.52798pt x 346.89601pt>
File: 11/10/3/3/1/conv/figs/problem3.1a.pdf Graphic file (type pdf)
<use 11/10/3/3/1/conv/figs/problem3.1a.pdf>
Package pdftex.def Info: 11/10/3/3/1/conv/figs/problem3.1a.pdf  used on input l
ine 125.
(pdftex.def)             Requested size: 433.62001pt x 325.23009pt.
<11/10/3/3/1/conv/figs/problem3.1b.pdf, id=1127, 462.52798pt x 346.89601pt>
File: 11/10/3/3/1/conv/figs/problem3.1b.pdf Graphic file (type pdf)
<use 11/10/3/3/1/conv/figs/problem3.1b.pdf>
Package pdftex.def Info: 11/10/3/3/1/conv/figs/problem3.1b.pdf  used on input l
ine 132.
(pdftex.def)             Requested size: 433.62001pt x 325.23009pt.
)

LaTeX Warning: `!h' float specifier changed to `!ht'.


LaTeX Warning: `!h' float specifier changed to `!ht'.

(./11/10/3/3/1/grad/grad.tex
Underfull \vbox (badness 5878) has occurred while \output is active []


Underfull \vbox (badness 10000) has occurred while \output is active []


Underfull \vbox (badness 10000) has occurred while \output is active []

 [48]
Underfull \vbox (badness 10000) has occurred while \output is active []


Underfull \vbox (badness 10000) has occurred while \output is active []


Underfull \vbox (badness 10000) has occurred while \output is active []

 [49 <./11/10/3/3/1/conv/figs/problem3.1a.pdf>]
Underfull \vbox (badness 10000) has occurred while \output is active []


Underfull \vbox (badness 10000) has occurred while \output is active []


Underfull \vbox (badness 10000) has occurred while \output is active []

 [50 <./11/10/3/3/1/conv/figs/problem3.1b.pdf>]
Underfull \vbox (badness 10000) has occurred while \output is active []


Underfull \vbox (badness 10000) has occurred while \output is active []

 [51]
<11/10/3/3/1/grad/figs/problem3.1a.pdf, id=1278, 462.52798pt x 346.89601pt>
File: 11/10/3/3/1/grad/figs/problem3.1a.pdf Graphic file (type pdf)
<use 11/10/3/3/1/grad/figs/problem3.1a.pdf>
Package pdftex.def Info: 11/10/3/3/1/grad/figs/problem3.1a.pdf  used on input l
ine 121.
(pdftex.def)             Requested size: 433.62001pt x 325.23009pt.
<11/10/3/3/1/grad/figs/problem3.1b.pdf, id=1279, 462.52798pt x 346.89601pt>
File: 11/10/3/3/1/grad/figs/problem3.1b.pdf Graphic file (type pdf)
<use 11/10/3/3/1/grad/figs/problem3.1b.pdf>
Package pdftex.def Info: 11/10/3/3/1/grad/figs/problem3.1b.pdf  used on input l
ine 128.
(pdftex.def)             Requested size: 433.62001pt x 325.23009pt.
)

LaTeX Warning: `!h' float specifier changed to `!ht'.


LaTeX Warning: `!h' float specifier changed to `!ht'.

(./11/10/3/3/1/lagmul/lagrange.tex
Underfull \vbox (badness 10000) has occurred while \output is active []


Underfull \vbox (badness 10000) has occurred while \output is active []


Underfull \vbox (badness 10000) has occurred while \output is active []

 [52]
Underfull \vbox (badness 10000) has occurred while \output is active []


Underfull \vbox (badness 10000) has occurred while \output is active []


Underfull \vbox (badness 10000) has occurred while \output is active []

 [53 <./11/10/3/3/1/grad/figs/problem3.1a.pdf>]
Underfull \vbox (badness 10000) has occurred while \output is active []


Underfull \vbox (badness 10000) has occurred while \output is active []


Underfull \vbox (badness 10000) has occurred while \output is active []

 [54 <./11/10/3/3/1/grad/figs/problem3.1b.pdf>]
<11/10/3/3/1/lagmul/figs/problem3.1.pdf, id=1413, 462.52798pt x 346.89601pt>
File: 11/10/3/3/1/lagmul/figs/problem3.1.pdf Graphic file (type pdf)
<use 11/10/3/3/1/lagmul/figs/problem3.1.pdf>
Package pdftex.def Info: 11/10/3/3/1/lagmul/figs/problem3.1.pdf  used on input 
line 107.
(pdftex.def)             Requested size: 433.62001pt x 325.23009pt.
)

LaTeX Warning: `!h' float specifier changed to `!ht'.

(./11/10/3/3/2/conv/conv.tex
Underfull \vbox (badness 10000) has occurred while \output is active []


Underfull \vbox (badness 10000) has occurred while \output is active []

 [55]
Underfull \vbox (badness 10000) has occurred while \output is active []


Underfull \vbox (badness 10000) has occurred while \output is active []


Underfull \vbox (badness 10000) has occurred while \output is active []

 [56 <./11/10/3/3/1/lagmul/figs/problem3.1.pdf>]
Underfull \vbox (badness 10000) has occurred while \output is active []


Underfull \vbox (badness 10000) has occurred while \output is active []


Underfull \vbox (badness 10000) has occurred while \output is active []

 [57]
Underfull \vbox (badness 10000) has occurred while \output is active []


Underfull \vbox (badness 10000) has occurred while \output is active []


Underfull \vbox (badness 10000) has occurred while \output is active []

 [58]
<11/10/3/3/2/conv/figs/opt1.png, id=1494, 462.528pt x 346.896pt>
File: 11/10/3/3/2/conv/figs/opt1.png Graphic file (type png)
<use 11/10/3/3/2/conv/figs/opt1.png>
Package pdftex.def Info: 11/10/3/3/2/conv/figs/opt1.png  used on input line 100
.
(pdftex.def)             Requested size: 433.62001pt x 325.23007pt.
<11/10/3/3/2/conv/figs/opt2.png, id=1495, 462.528pt x 346.896pt>
File: 11/10/3/3/2/conv/figs/opt2.png Graphic file (type png)
<use 11/10/3/3/2/conv/figs/opt2.png>
Package pdftex.def Info: 11/10/3/3/2/conv/figs/opt2.png  used on input line 107
.
(pdftex.def)             Requested size: 433.62001pt x 325.23007pt.
)

LaTeX Warning: `!h' float specifier changed to `!ht'.


LaTeX Warning: `!h' float specifier changed to `!ht'.

(./11/10/3/3/2/grad/grad.tex
Underfull \vbox (badness 10000) has occurred while \output is active []


Underfull \vbox (badness 10000) has occurred while \output is active []


Underfull \vbox (badness 10000) has occurred while \output is active []

 [59]
Underfull \vbox (badness 5175) has occurred while \output is active []


Underfull \vbox (badness 10000) has occurred while \output is active []


Underfull \vbox (badness 10000) has occurred while \output is active []

 [60 <./11/10/3/3/2/conv/figs/opt1.png>]
Underfull \vbox (badness 10000) has occurred while \output is active []


Underfull \vbox (badness 10000) has occurred while \output is active []


Underfull \vbox (badness 10000) has occurred while \output is active []

 [61 <./11/10/3/3/2/conv/figs/opt2.png>]
Underfull \vbox (badness 5316) has occurred while \output is active []


Underfull \vbox (badness 10000) has occurred while \output is active []


Underfull \vbox (badness 10000) has occurred while \output is active []

 [62]
<11/10/3/3/2/grad/figs/opt1.png, id=1552, 462.528pt x 346.896pt>
File: 11/10/3/3/2/grad/figs/opt1.png Graphic file (type png)
<use 11/10/3/3/2/grad/figs/opt1.png>
Package pdftex.def Info: 11/10/3/3/2/grad/figs/opt1.png  used on input line 111
.
(pdftex.def)             Requested size: 433.62001pt x 325.23007pt.
<11/10/3/3/2/grad/figs/opt2.png, id=1553, 462.528pt x 346.896pt>
File: 11/10/3/3/2/grad/figs/opt2.png Graphic file (type png)
<use 11/10/3/3/2/grad/figs/opt2.png>
Package pdftex.def Info: 11/10/3/3/2/grad/figs/opt2.png  used on input line 118
.
(pdftex.def)             Requested size: 433.62001pt x 325.23007pt.
)

LaTeX Warning: `!h' float specifier changed to `!ht'.


LaTeX Warning: `!h' float specifier changed to `!ht'.

(./11/10/3/3/2/lagmul/lagrange.tex
Underfull \vbox (badness 10000) has occurred while \output is active []


Underfull \vbox (badness 10000) has occurred while \output is active []


Underfull \vbox (badness 10000) has occurred while \output is active []

 [63]
Underfull \vbox (badness 10000) has occurred while \output is active []


Underfull \vbox (badness 10000) has occurred while \output is active []


Underfull \vbox (badness 10000) has occurred while \output is active []

 [64 <./11/10/3/3/2/grad/figs/opt1.png>]
Underfull \vbox (badness 10000) has occurred while \output is active []


Underfull \vbox (badness 10000) has occurred while \output is active []


Underfull \vbox (badness 10000) has occurred while \output is active []

 [65 <./11/10/3/3/2/grad/figs/opt2.png>]
<11/10/3/3/2/lagmul/figs/opt3.png, id=1589, 462.528pt x 346.896pt>
File: 11/10/3/3/2/lagmul/figs/opt3.png Graphic file (type png)
<use 11/10/3/3/2/lagmul/figs/opt3.png>
Package pdftex.def Info: 11/10/3/3/2/lagmul/figs/opt3.png  used on input line 9
5.
(pdftex.def)             Requested size: 433.62001pt x 325.23007pt.
)

LaTeX Warning: `!h' float specifier changed to `!ht'.


LaTeX Warning: Command \textendash invalid in math mode on input line 41.


Underfull \hbox (badness 10000) in paragraph at lines 41--45

 []

(./11/10/3/3/3/conv/conv.tex
Underfull \vbox (badness 3068) has occurred while \output is active []


Underfull \vbox (badness 10000) has occurred while \output is active []


Underfull \vbox (badness 10000) has occurred while \output is active []

 [66]
Underfull \vbox (badness 10000) has occurred while \output is active []


Underfull \vbox (badness 10000) has occurred while \output is active []


Underfull \vbox (badness 10000) has occurred while \output is active []

 [67 <./11/10/3/3/2/lagmul/figs/opt3.png>]) (./11/10/3/3/3/grad/grad.tex
Underfull \vbox (badness 10000) has occurred while \output is active []


Underfull \vbox (badness 10000) has occurred while \output is active []


Underfull \vbox (badness 10000) has occurred while \output is active []

 [68]
Underfull \vbox (badness 10000) has occurred while \output is active []


Underfull \vbox (badness 10000) has occurred while \output is active []


Underfull \vbox (badness 10000) has occurred while \output is active []

 [69]
(./11/10/3/3/3/grad/tables/table1.tex)
Underfull \vbox (badness 10000) has occurred while \output is active []


Underfull \vbox (badness 10000) has occurred while \output is active []


Underfull \vbox (badness 10000) has occurred while \output is active []

 [70])
(./11/10/3/3/3/lagmul/lagrange.tex
Underfull \vbox (badness 10000) has occurred while \output is active []


Underfull \vbox (badness 10000) has occurred while \output is active []


Underfull \vbox (badness 10000) has occurred while \output is active []

 [71]
Underfull \vbox (badness 10000) has occurred while \output is active []


Underfull \vbox (badness 10000) has occurred while \output is active []


Underfull \vbox (badness 10000) has occurred while \output is active []

 [72])
(./11/10/3/14/conv/conv.tex
Underfull \vbox (badness 10000) has occurred while \output is active []


Underfull \vbox (badness 10000) has occurred while \output is active []


Underfull \vbox (badness 10000) has occurred while \output is active []

 [73]
<11/10/3/14/conv/figs/convex.png, id=1703, 462.528pt x 346.896pt>
File: 11/10/3/14/conv/figs/convex.png Graphic file (type png)
<use 11/10/3/14/conv/figs/convex.png>
Package pdftex.def Info: 11/10/3/14/conv/figs/convex.png  used on input line 15
8.
(pdftex.def)             Requested size: 433.62001pt x 325.23007pt.
)
(./11/10/3/14/grad/grad.tex
Underfull \vbox (badness 10000) has occurred while \output is active []


Underfull \vbox (badness 10000) has occurred while \output is active []


Underfull \vbox (badness 10000) has occurred while \output is active []

 [74]
Underfull \vbox (badness 10000) has occurred while \output is active []


Underfull \vbox (badness 10000) has occurred while \output is active []


Underfull \vbox (badness 10000) has occurred while \output is active []

 [75 <./11/10/3/14/conv/figs/convex.png>]
Underfull \vbox (badness 10000) has occurred while \output is active []


Underfull \vbox (badness 10000) has occurred while \output is active []


Underfull \vbox (badness 10000) has occurred while \output is active []

 [76]
(./11/10/3/14/grad/tables/11.10.03.14_1.tex)
<11/10/3/14/grad/figs/grad_desc.png, id=1750, 462.528pt x 346.896pt>
File: 11/10/3/14/grad/figs/grad_desc.png Graphic file (type png)
<use 11/10/3/14/grad/figs/grad_desc.png>
Package pdftex.def Info: 11/10/3/14/grad/figs/grad_desc.png  used on input line
 184.
(pdftex.def)             Requested size: 433.62001pt x 325.23007pt.
) (./11/10/3/14/lagmul/lagmul.tex
Underfull \vbox (badness 6575) has occurred while \output is active []


Underfull \vbox (badness 10000) has occurred while \output is active []


Underfull \vbox (badness 10000) has occurred while \output is active []

 [77]
Underfull \vbox (badness 10000) has occurred while \output is active []


Underfull \vbox (badness 10000) has occurred while \output is active []


Underfull \vbox (badness 10000) has occurred while \output is active []

 [78 <./11/10/3/14/grad/figs/grad_desc.png>]
<11/10/3/14/lagmul/figs/gd_lagrange.png, id=1778, 462.528pt x 346.896pt>
File: 11/10/3/14/lagmul/figs/gd_lagrange.png Graphic file (type png)
<use 11/10/3/14/lagmul/figs/gd_lagrange.png>
Package pdftex.def Info: 11/10/3/14/lagmul/figs/gd_lagrange.png  used on input 
line 172.
(pdftex.def)             Requested size: 433.62001pt x 325.23007pt.

Underfull \vbox (badness 10000) has occurred while \output is active []


Underfull \vbox (badness 10000) has occurred while \output is active []


Underfull \vbox (badness 10000) has occurred while \output is active []

 [79]
Underfull \vbox (badness 10000) has occurred while \output is active []


Underfull \vbox (badness 10000) has occurred while \output is active []

 [80 <./11/10/3/14/lagmul/figs/gd_lagrange.png>]) (./12/11/2/e11/conv/conv.tex
Underfull \vbox (badness 10000) has occurred while \output is active []


Underfull \vbox (badness 10000) has occurred while \output is active []

 [81]
Underfull \vbox (badness 10000) has occurred while \output is active []


Underfull \vbox (badness 10000) has occurred while \output is active []


Underfull \vbox (badness 10000) has occurred while \output is active []

 [82]
<12/11/2/e11/conv/figs/skew.png, id=1827, 462.528pt x 346.896pt>
File: 12/11/2/e11/conv/figs/skew.png Graphic file (type png)
<use 12/11/2/e11/conv/figs/skew.png>
Package pdftex.def Info: 12/11/2/e11/conv/figs/skew.png  used on input line 186
.
(pdftex.def)             Requested size: 433.62001pt x 325.23007pt.
)
(./12/11/2/e11/grad/grad.tex
Underfull \vbox (badness 3612) has occurred while \output is active []


Underfull \vbox (badness 10000) has occurred while \output is active []


Underfull \vbox (badness 10000) has occurred while \output is active []

 [83 <./12/11/2/e11/conv/figs/skew.png>] (./12/11/2/e11/grad/tables/table1.tex)
)
(./12/11/2/e11/lagmul/lagmul.tex
Underfull \vbox (badness 1117) has occurred while \output is active []


Underfull \vbox (badness 10000) has occurred while \output is active []


Underfull \vbox (badness 10000) has occurred while \output is active []

 [84]))
Underfull \vbox (badness 10000) has occurred while \output is active []


Underfull \vbox (badness 10000) has occurred while \output is active []

 [85]
Underfull \vbox (badness 10000) has occurred while \output is active []


Underfull \vbox (badness 10000) has occurred while \output is active []

 [86

]
Chapter 6.
(./opt/qp.tex
Underfull \vbox (badness 10000) has occurred while \output is active []


Underfull \vbox (badness 10000) has occurred while \output is active []


Underfull \vbox (badness 10000) has occurred while \output is active []

 [87]
Underfull \vbox (badness 10000) has occurred while \output is active []


Underfull \vbox (badness 10000) has occurred while \output is active []

 [88]

LaTeX Warning: File `./opt/figs/qp_parab.eps' not found on input line 87.

Package epstopdf Info: Source file: <./opt/figs/qp_parab.eps>
(epstopdf)             Output file: <./opt/figs/qp_parab-eps-converted-to.pdf>
(epstopdf)                    date: 2023-02-03 13:09:53
(epstopdf)                    size: 10484 bytes
(epstopdf)             Command: <repstopdf --outfile=./opt/figs/qp_parab-eps-co
nverted-to.pdf ./opt/figs/qp_parab.eps>
(epstopdf)             \includegraphics on input line 87.
Package epstopdf Info: Output file is already uptodate.
<./opt/figs/qp_parab-eps-converted-to.pdf, id=1899, 462.52798pt x 346.89601pt>
File: ./opt/figs/qp_parab-eps-converted-to.pdf Graphic file (type pdf)
<use ./opt/figs/qp_parab-eps-converted-to.pdf>
Package pdftex.def Info: ./opt/figs/qp_parab-eps-converted-to.pdf  used on inpu
t line 87.
(pdftex.def)             Requested size: 433.62001pt x 325.23009pt.
)
Underfull \vbox (badness 10000) has occurred while \output is active []


Underfull \vbox (badness 10000) has occurred while \output is active []

 [89 <./opt/figs/qp_parab-eps-converted-to.pdf>]
Underfull \vbox (badness 10000) has occurred while \output is active []


Underfull \vbox (badness 10000) has occurred while \output is active []

 [90

]
Chapter 7.
(./manual/sdp.tex
Underfull \vbox (badness 10000) has occurred while \output is active []


Underfull \vbox (badness 10000) has occurred while \output is active []


Underfull \vbox (badness 10000) has occurred while \output is active []

 [91]
Underfull \vbox (badness 10000) has occurred while \output is active []


Underfull \vbox (badness 10000) has occurred while \output is active []


Underfull \vbox (badness 10000) has occurred while \output is active []

 [92]
Underfull \vbox (badness 10000) has occurred while \output is active []


Underfull \vbox (badness 10000) has occurred while \output is active []


Underfull \vbox (badness 10000) has occurred while \output is active []

 [93])
Underfull \vbox (badness 10000) has occurred while \output is active []


Underfull \vbox (badness 10000) has occurred while \output is active []

 [94]
Chapter 8.
(./examples/normal.tex
Underfull \hbox (badness 10000) in paragraph at lines 21--23

 []

(./12/6/5/27/nonconv/grad/grad.tex
Underfull \vbox (badness 10000) has occurred while \output is active []


Underfull \vbox (badness 10000) has occurred while \output is active []

 [95

]
<12/6/5/27/nonconv/grad/figs/grad_pits.png, id=1994, 462.528pt x 346.896pt>
File: 12/6/5/27/nonconv/grad/figs/grad_pits.png Graphic file (type png)
<use 12/6/5/27/nonconv/grad/figs/grad_pits.png>
Package pdftex.def Info: 12/6/5/27/nonconv/grad/figs/grad_pits.png  used on inp
ut line 125.
(pdftex.def)             Requested size: 433.62001pt x 325.23007pt.
)
(./12/6/5/27/conv/grad/grad.tex
<12/6/5/27/conv/grad/figs/grad_pits.png, id=1996, 462.528pt x 346.896pt>
File: 12/6/5/27/conv/grad/figs/grad_pits.png Graphic file (type png)
<use 12/6/5/27/conv/grad/figs/grad_pits.png>
Package pdftex.def Info: 12/6/5/27/conv/grad/figs/grad_pits.png  used on input 
line 124.
(pdftex.def)             Requested size: 433.62001pt x 325.23007pt.
) (./12/6/5/27/nonconv/lagmul/lagmul.tex
Underfull \vbox (badness 10000) has occurred while \output is active []


Underfull \vbox (badness 10000) has occurred while \output is active []

 [96]
Underfull \vbox (badness 10000) has occurred while \output is active []


Underfull \vbox (badness 10000) has occurred while \output is active []

 [97 <./12/6/5/27/nonconv/grad/figs/grad_pits.png>]
Underfull \vbox (badness 10000) has occurred while \output is active []


Underfull \vbox (badness 10000) has occurred while \output is active []


Underfull \vbox (badness 10000) has occurred while \output is active []

 [98 <./12/6/5/27/conv/grad/figs/grad_pits.png>]
Underfull \vbox (badness 10000) has occurred while \output is active []


Underfull \vbox (badness 10000) has occurred while \output is active []


Underfull \vbox (badness 10000) has occurred while \output is active []

 [99])
(./12/6/5/27/conv/conv/conv.tex
Underfull \vbox (badness 1490) has occurred while \output is active []


Underfull \vbox (badness 10000) has occurred while \output is active []


Underfull \vbox (badness 10000) has occurred while \output is active []

 [100])
(./12/6/5/27/conv/sdp/semi.tex) (./12/6/5/27/conv/lagmul/lagmul.tex
Underfull \vbox (badness 10000) has occurred while \output is active []


Underfull \vbox (badness 10000) has occurred while \output is active []

 [101]
Underfull \vbox (badness 10000) has occurred while \output is active []


Underfull \vbox (badness 10000) has occurred while \output is active []


Underfull \vbox (badness 10000) has occurred while \output is active []

 [102])
(./12/6/6/4/conv/conv.tex
Underfull \vbox (badness 1097) has occurred while \output is active []


Underfull \vbox (badness 10000) has occurred while \output is active []


Underfull \vbox (badness 10000) has occurred while \output is active []

 [103]
<12/6/6/4/conv/figs/12_6_6_4.png, id=2110, 462.528pt x 346.896pt>
File: 12/6/6/4/conv/figs/12_6_6_4.png Graphic file (type png)
<use 12/6/6/4/conv/figs/12_6_6_4.png>
Package pdftex.def Info: 12/6/6/4/conv/figs/12_6_6_4.png  used on input line 79
.
(pdftex.def)             Requested size: 433.62001pt x 325.23007pt.


LaTeX Warning: `!h' float specifier changed to `!ht'.

) (./12/6/6/4/grad/grad.tex
Underfull \vbox (badness 10000) has occurred while \output is active []


Underfull \vbox (badness 10000) has occurred while \output is active []


Underfull \vbox (badness 10000) has occurred while \output is active []

 [104]
Underfull \vbox (badness 5939) has occurred while \output is active []


Underfull \vbox (badness 10000) has occurred while \output is active []


Underfull \vbox (badness 10000) has occurred while \output is active []

 [105 <./12/6/6/4/conv/figs/12_6_6_4.png>]) (./12/6/6/4/sdp/sdp.tex
Underfull \vbox (badness 1253) has occurred while \output is active []


Underfull \vbox (badness 10000) has occurred while \output is active []


Underfull \vbox (badness 10000) has occurred while \output is active []

 [106]
Underfull \vbox (badness 10000) has occurred while \output is active []


Underfull \vbox (badness 10000) has occurred while \output is active []


Underfull \vbox (badness 10000) has occurred while \output is active []

 [107])
(./12/6/6/4/lagmul/lagmul.tex
Underfull \vbox (badness 10000) has occurred while \output is active []


Underfull \vbox (badness 10000) has occurred while \output is active []


Underfull \vbox (badness 10000) has occurred while \output is active []

 [108]
Underfull \vbox (badness 10000) has occurred while \output is active []


Underfull \vbox (badness 10000) has occurred while \output is active []


Underfull \vbox (badness 10000) has occurred while \output is active []

 [109])
(./12/6/6/22/sdp.tex
Underfull \vbox (badness 10000) has occurred while \output is active []


Underfull \vbox (badness 10000) has occurred while \output is active []


Underfull \vbox (badness 10000) has occurred while \output is active []

 [110]
Underfull \vbox (badness 10000) has occurred while \output is active []


Underfull \vbox (badness 10000) has occurred while \output is active []


Underfull \vbox (badness 10000) has occurred while \output is active []

 [111])
(./12/6/6/23/conv/conv.tex
Underfull \vbox (badness 10000) has occurred while \output is active []


Underfull \vbox (badness 10000) has occurred while \output is active []


Underfull \vbox (badness 10000) has occurred while \output is active []

 [112])
(./12/6/6/23/sdp.tex
Overfull \hbox (0.49728pt too wide) in paragraph at lines 99--81
[]\OT1/cmr/m/n/10.95 Semi-definite Pro-gram-ming []Find the nor-mal to the curv
e $\OML/cmm/m/it/10.95 x[] \OT1/cmr/m/n/10.95 = 4\OML/cmm/m/it/10.95 y$ \OT1/cm
r/m/n/10.95 pass-ing through
 []


Underfull \vbox (badness 10000) has occurred while \output is active []


Underfull \vbox (badness 10000) has occurred while \output is active []


Underfull \vbox (badness 10000) has occurred while \output is active []

 [113]
Underfull \vbox (badness 10000) has occurred while \output is active []


Underfull \vbox (badness 10000) has occurred while \output is active []


Underfull \vbox (badness 10000) has occurred while \output is active []

 [114])
(./12/6/6/23/lagmul/lagmul.tex
Underfull \vbox (badness 10000) has occurred while \output is active []


Underfull \vbox (badness 10000) has occurred while \output is active []


Underfull \vbox (badness 10000) has occurred while \output is active []

 [115]
Underfull \vbox (badness 10000) has occurred while \output is active []


Underfull \vbox (badness 10000) has occurred while \output is active []


Underfull \vbox (badness 10000) has occurred while \output is active []

 [116]
Underfull \vbox (badness 3965) has occurred while \output is active []


Underfull \vbox (badness 10000) has occurred while \output is active []


Underfull \vbox (badness 10000) has occurred while \output is active []

 [117]
Underfull \vbox (badness 10000) has occurred while \output is active []


Underfull \vbox (badness 10000) has occurred while \output is active []


Underfull \vbox (badness 10000) has occurred while \output is active []

 [118]
<12/6/6/23/lagmul/figs/problem23.pdf, id=2299, 462.52798pt x 346.89601pt>
File: 12/6/6/23/lagmul/figs/problem23.pdf Graphic file (type pdf)
<use 12/6/6/23/lagmul/figs/problem23.pdf>
Package pdftex.def Info: 12/6/6/23/lagmul/figs/problem23.pdf  used on input lin
e 139.
(pdftex.def)             Requested size: 433.62001pt x 325.23009pt.
))
Underfull \vbox (badness 10000) has occurred while \output is active []


Underfull \vbox (badness 10000) has occurred while \output is active []

 [119 <./12/6/6/23/lagmul/figs/problem23.pdf>]
Underfull \vbox (badness 10000) has occurred while \output is active []


Underfull \vbox (badness 10000) has occurred while \output is active []

 [120

]
Chapter 9.
(./12/6/6.tex (./12/6/6/9/gp.tex
Underfull \vbox (badness 10000) has occurred while \output is active []


Underfull \vbox (badness 10000) has occurred while \output is active []


Underfull \vbox (badness 10000) has occurred while \output is active []

 [121]))
(./examples/dgp.tex (./12/6/5/25/gp.tex
Underfull \vbox (badness 10000) has occurred while \output is active []


Underfull \vbox (badness 10000) has occurred while \output is active []


Underfull \vbox (badness 10000) has occurred while \output is active []

 [122])
(./12/6/5/26/gp.tex
Underfull \vbox (badness 10000) has occurred while \output is active []


Underfull \vbox (badness 10000) has occurred while \output is active []


Underfull \vbox (badness 10000) has occurred while \output is active []

 [123]
Underfull \vbox (badness 10000) has occurred while \output is active []


Underfull \vbox (badness 10000) has occurred while \output is active []


Underfull \vbox (badness 10000) has occurred while \output is active []

 [124]
Underfull \vbox (badness 10000) has occurred while \output is active []


Underfull \vbox (badness 10000) has occurred while \output is active []


Underfull \vbox (badness 10000) has occurred while \output is active []

 [125]
<12/6/5/26/figs/problem26.pdf, id=2428, 462.52798pt x 346.89601pt>
File: 12/6/5/26/figs/problem26.pdf Graphic file (type pdf)
<use 12/6/5/26/figs/problem26.pdf>
Package pdftex.def Info: 12/6/5/26/figs/problem26.pdf  used on input line 122.
(pdftex.def)             Requested size: 433.62001pt x 325.23009pt.


LaTeX Warning: `!h' float specifier changed to `!ht'.

) (./12/6/6/8/gp.tex))
Underfull \vbox (badness 10000) has occurred while \output is active []


Underfull \vbox (badness 10000) has occurred while \output is active []

 [126]
Underfull \vbox (badness 10000) has occurred while \output is active []


Underfull \vbox (badness 10000) has occurred while \output is active []

 [127 <./12/6/5/26/figs/problem26.pdf>]
Underfull \vbox (badness 10000) has occurred while \output is active []


Underfull \vbox (badness 10000) has occurred while \output is active []

 [128

]
Chapter 10.
(./12/12/1.tex (./12/12/1/1/lp.tex
Underfull \vbox (badness 10000) has occurred while \output is active []


Underfull \vbox (badness 10000) has occurred while \output is active []

 [129]
(./12/12/1/1/tables/det.tex
Underfull \vbox (badness 10000) detected at line 210
 []

)
<12/12/1/1/figs/problem1.pdf, id=2503, 462.52798pt x 346.89601pt>
File: 12/12/1/1/figs/problem1.pdf Graphic file (type pdf)
<use 12/12/1/1/figs/problem1.pdf>
Package pdftex.def Info: 12/12/1/1/figs/problem1.pdf  used on input line 97.
(pdftex.def)             Requested size: 433.62001pt x 325.23009pt.
)
Underfull \vbox (badness 10000) has occurred while \output is active []


Underfull \vbox (badness 10000) has occurred while \output is active []

 [130]

LaTeX Warning: Command \textendash invalid in math mode on input line 20.


LaTeX Warning: Command \textendash invalid in math mode on input line 20.

(./12/12/1/2/linear.tex
Underfull \vbox (badness 3386) has occurred while \output is active []


Underfull \vbox (badness 10000) has occurred while \output is active []


Underfull \vbox (badness 10000) has occurred while \output is active []

 [131 <./12/12/1/1/figs/problem1.pdf>]
<12/12/1/2/figs/fig.png, id=2572, 462.528pt x 346.896pt>
File: 12/12/1/2/figs/fig.png Graphic file (type png)
<use 12/12/1/2/figs/fig.png>
Package pdftex.def Info: 12/12/1/2/figs/fig.png  used on input line 162.
(pdftex.def)             Requested size: 433.62001pt x 325.23007pt.


LaTeX Warning: Command \textendash invalid in math mode on input line 176.


LaTeX Warning: Command \textendash invalid in math mode on input line 176.

(./12/12/1/2/tables/table1.tex)
Underfull \vbox (badness 10000) has occurred while \output is active []


Underfull \vbox (badness 10000) has occurred while \output is active []


Underfull \vbox (badness 10000) has occurred while \output is active []

 [132]

LaTeX Warning: `h' float specifier changed to `ht'.

) (./12/12/1/3/linear.tex
Underfull \vbox (badness 10000) has occurred while \output is active []


Underfull \vbox (badness 10000) has occurred while \output is active []


Underfull \vbox (badness 10000) has occurred while \output is active []

 [133 <./12/12/1/2/figs/fig.png>]
Underfull \vbox (badness 10000) has occurred while \output is active []


Underfull \vbox (badness 10000) has occurred while \output is active []


Underfull \vbox (badness 10000) has occurred while \output is active []

 [134])
(./12/12/1/4/linear.tex) (./12/12/1/6/linear.tex
Underfull \vbox (badness 10000) has occurred while \output is active []


Underfull \vbox (badness 10000) has occurred while \output is active []


Underfull \vbox (badness 10000) has occurred while \output is active []

 [135]
<12/12/1/6/figs/optimize.png, id=2625, 462.528pt x 346.896pt>
File: 12/12/1/6/figs/optimize.png Graphic file (type png)
<use 12/12/1/6/figs/optimize.png>
Package pdftex.def Info: 12/12/1/6/figs/optimize.png  used on input line 35.
(pdftex.def)             Requested size: 433.62001pt x 325.23007pt.

Underfull \vbox (badness 10000) has occurred while \output is active []


Underfull \vbox (badness 10000) has occurred while \output is active []


Underfull \vbox (badness 10000) has occurred while \output is active []

 [136 <./12/12/1/6/figs/optimize.png>]) (./12/12/1/7/linear.tex
Underfull \vbox (badness 10000) has occurred while \output is active []


Underfull \vbox (badness 10000) has occurred while \output is active []


Underfull \vbox (badness 10000) has occurred while \output is active []

 [137]
<12/12/1/7/figs/opt1.pdf, id=2650, 462.52798pt x 346.89601pt>
File: 12/12/1/7/figs/opt1.pdf Graphic file (type pdf)
<use 12/12/1/7/figs/opt1.pdf>
Package pdftex.def Info: 12/12/1/7/figs/opt1.pdf  used on input line 56.
(pdftex.def)             Requested size: 433.62001pt x 325.23009pt.

Underfull \vbox (badness 10000) has occurred while \output is active []


Underfull \vbox (badness 10000) has occurred while \output is active []


Underfull \vbox (badness 10000) has occurred while \output is active []

 [138 <./12/12/1/7/figs/opt1.pdf>]) (./12/12/1/9/linear.tex

LaTeX Warning: Command \textendash invalid in math mode on input line 53.


LaTeX Warning: Command \textendash invalid in math mode on input line 53.


Underfull \vbox (badness 10000) has occurred while \output is active []


Underfull \vbox (badness 10000) has occurred while \output is active []


Underfull \vbox (badness 10000) has occurred while \output is active []

 [139]
<12/12/1/9/figs/image.png, id=2697, 555.07375pt x 444.66125pt>
File: 12/12/1/9/figs/image.png Graphic file (type png)
<use 12/12/1/9/figs/image.png>
Package pdftex.def Info: 12/12/1/9/figs/image.png  used on input line 64.
(pdftex.def)             Requested size: 433.62001pt x 347.37039pt.

Underfull \vbox (badness 10000) has occurred while \output is active []


Underfull \vbox (badness 10000) has occurred while \output is active []


Underfull \vbox (badness 10000) has occurred while \output is active []

 [140 <./12/12/1/9/figs/image.png>]) (./12/12/1/10/linear.tex
<12/12/1/10/figs/fig.pdf, id=2708, 462.52798pt x 346.89601pt>
File: 12/12/1/10/figs/fig.pdf Graphic file (type pdf)
<use 12/12/1/10/figs/fig.pdf>
Package pdftex.def Info: 12/12/1/10/figs/fig.pdf  used on input line 77.
(pdftex.def)             Requested size: 433.62001pt x 325.23009pt.

Underfull \vbox (badness 10000) has occurred while \output is active []


Underfull \vbox (badness 10000) has occurred while \output is active []


Underfull \vbox (badness 10000) has occurred while \output is active []

 [141]))
(./12/12/2.tex (./12/12/2/1/linear.tex
Underfull \vbox (badness 10000) has occurred while \output is active []


Underfull \vbox (badness 10000) has occurred while \output is active []


Underfull \vbox (badness 10000) has occurred while \output is active []

 [142 <./12/12/1/10/figs/fig.pdf>]) (./12/12/2/2/linear.tex
Underfull \vbox (badness 10000) has occurred while \output is active []


Underfull \vbox (badness 10000) has occurred while \output is active []

 [143])
(./12/12/2/3/linear.tex
Underfull \vbox (badness 10000) has occurred while \output is active []


Underfull \vbox (badness 10000) has occurred while \output is active []

 [144]
Overfull \hbox (1.46335pt too wide) in paragraph at lines 47--58
 [][] 
 []

<12/12/2/3/figs/optm.png, id=2796, 462.528pt x 346.896pt>
File: 12/12/2/3/figs/optm.png Graphic file (type png)
<use 12/12/2/3/figs/optm.png>
Package pdftex.def Info: 12/12/2/3/figs/optm.png  used on input line 63.
(pdftex.def)             Requested size: 433.62001pt x 325.23007pt.

Underfull \vbox (badness 3323) has occurred while \output is active []


Underfull \vbox (badness 10000) has occurred while \output is active []


Underfull \vbox (badness 10000) has occurred while \output is active []

 [145]
Overfull \vbox (49.39949pt too high) has occurred while \output is active []


Underfull \vbox (badness 10000) has occurred while \output is active []


Underfull \vbox (badness 10000) has occurred while \output is active []

 [146 <./12/12/2/3/figs/optm.png>]) (./12/12/2/4/linear.tex
<12/12/2/4/figs/optbasic.png, id=2822, 586.19pt x 455.7025pt>
File: 12/12/2/4/figs/optbasic.png Graphic file (type png)
<use 12/12/2/4/figs/optbasic.png>
Package pdftex.def Info: 12/12/2/4/figs/optbasic.png  used on input line 126.
(pdftex.def)             Requested size: 433.62001pt x 337.0894pt.

Underfull \vbox (badness 1194) has occurred while \output is active []


Underfull \vbox (badness 10000) has occurred while \output is active []


Underfull \vbox (badness 10000) has occurred while \output is active []

 [147]
Underfull \vbox (badness 10000) has occurred while \output is active []


Underfull \vbox (badness 10000) has occurred while \output is active []

 [148 <./12/12/2/4/figs/optbasic.png>]) (./12/12/2/5/linear.tex
Underfull \vbox (badness 10000) has occurred while \output is active []


Underfull \vbox (badness 10000) has occurred while \output is active []

 [149]
<12/12/2/5/figs/op1.pdf, id=2854, 462.52798pt x 346.89601pt>
File: 12/12/2/5/figs/op1.pdf Graphic file (type pdf)
<use 12/12/2/5/figs/op1.pdf>
Package pdftex.def Info: 12/12/2/5/figs/op1.pdf  used on input line 123.
(pdftex.def)             Requested size: 433.62001pt x 325.23009pt.
)
(./12/12/2/8/linear.tex
<12/12/2/8/figs/opti_1.pdf, id=2856, 462.52798pt x 346.89601pt>
File: 12/12/2/8/figs/opti_1.pdf Graphic file (type pdf)
<use 12/12/2/8/figs/opti_1.pdf>
Package pdftex.def Info: 12/12/2/8/figs/opti_1.pdf  used on input line 66.
(pdftex.def)             Requested size: 433.62001pt x 325.23009pt.

Underfull \vbox (badness 10000) has occurred while \output is active []


Underfull \vbox (badness 10000) has occurred while \output is active []

 [150]
Underfull \vbox (badness 10000) has occurred while \output is active []


Underfull \vbox (badness 10000) has occurred while \output is active []


Underfull \vbox (badness 10000) has occurred while \output is active []

 [151 <./12/12/2/5/figs/op1.pdf>]
Overfull \vbox (32.6873pt too high) has occurred while \output is active []


Underfull \vbox (badness 10000) has occurred while \output is active []


Underfull \vbox (badness 10000) has occurred while \output is active []

 [152 <./12/12/2/8/figs/opti_1.pdf>]) (./12/12/2/10/linear.tex
<12/12/2/10/figs/optfig1.png, id=2934, 461.8053pt x 346.1733pt>
File: 12/12/2/10/figs/optfig1.png Graphic file (type png)
<use 12/12/2/10/figs/optfig1.png>
Package pdftex.def Info: 12/12/2/10/figs/optfig1.png  used on input line 156.
(pdftex.def)             Requested size: 433.62001pt x 325.05959pt.

Underfull \vbox (badness 10000) has occurred while \output is active []


Underfull \vbox (badness 10000) has occurred while \output is active []


Underfull \vbox (badness 10000) has occurred while \output is active []

 [153]
Underfull \vbox (badness 10000) has occurred while \output is active []


Underfull \vbox (badness 10000) has occurred while \output is active []


Underfull \vbox (badness 10000) has occurred while \output is active []

 [154 <./12/12/2/10/figs/optfig1.png>])) (./12/12/3.tex (./12/12/3/tables/table
1.tex)

LaTeX Warning: `h' float specifier changed to `ht'.


Underfull \vbox (badness 10000) has occurred while \output is active []


Underfull \vbox (badness 10000) has occurred while \output is active []

 [155]
(./12/12/3/tables/table2.tex) (./12/12/3/4/linear.tex
<12/12/3/4/figs/optlinear1.png, id=2963, 462.528pt x 346.896pt>
File: 12/12/3/4/figs/optlinear1.png Graphic file (type png)
<use 12/12/3/4/figs/optlinear1.png>
Package pdftex.def Info: 12/12/3/4/figs/optlinear1.png  used on input line 169.

(pdftex.def)             Requested size: 433.62001pt x 325.23007pt.

Underfull \vbox (badness 1152) has occurred while \output is active []


Underfull \vbox (badness 10000) has occurred while \output is active []


Underfull \vbox (badness 10000) has occurred while \output is active []

 [156])
(./12/12/3/5/linear.tex
Underfull \vbox (badness 1902) has occurred while \output is active []


Underfull \vbox (badness 10000) has occurred while \output is active []


Underfull \vbox (badness 10000) has occurred while \output is active []

 [157 <./12/12/3/4/figs/optlinear1.png>]
<12/12/3/5/figs/opt.png, id=2983, 462.528pt x 346.896pt>
File: 12/12/3/5/figs/opt.png Graphic file (type png)
<use 12/12/3/5/figs/opt.png>
Package pdftex.def Info: 12/12/3/5/figs/opt.png  used on input line 116.
(pdftex.def)             Requested size: 433.62001pt x 325.23007pt.
) (./12/12/3/tables/table3.tex)
(./12/12/3/6/linear.tex
Underfull \vbox (badness 10000) has occurred while \output is active []


Underfull \vbox (badness 10000) has occurred while \output is active []

 [158]
Underfull \vbox (badness 10000) has occurred while \output is active []


Underfull \vbox (badness 10000) has occurred while \output is active []

 [159 <./12/12/3/5/figs/opt.png>]
Underfull \vbox (badness 10000) has occurred while \output is active []


Underfull \vbox (badness 10000) has occurred while \output is active []


Underfull \vbox (badness 10000) has occurred while \output is active []

 [160])
(./12/12/3/tables/table4.tex)
Underfull \vbox (badness 10000) has occurred while \output is active []


Underfull \vbox (badness 10000) has occurred while \output is active []

 [161]
(./12/12/3/tables/table5.tex) (./12/12/3/8/linear.tex
<12/12/3/8/figs/op.pdf, id=3033, 462.52798pt x 346.89601pt>
File: 12/12/3/8/figs/op.pdf Graphic file (type pdf)
<use 12/12/3/8/figs/op.pdf>
Package pdftex.def Info: 12/12/3/8/figs/op.pdf  used on input line 56.
(pdftex.def)             Requested size: 433.62001pt x 325.23009pt.

Underfull \vbox (badness 10000) has occurred while \output is active []


Underfull \vbox (badness 10000) has occurred while \output is active []


Underfull \vbox (badness 10000) has occurred while \output is active []

 [162]
Overfull \vbox (11.71643pt too high) has occurred while \output is active []


Underfull \vbox (badness 10000) has occurred while \output is active []


Underfull \vbox (badness 10000) has occurred while \output is active []

 [163 <./12/12/3/8/figs/op.pdf>]))
Underfull \vbox (badness 10000) has occurred while \output is active []


Underfull \vbox (badness 10000) has occurred while \output is active []

 [164]
Chapter 11.
(./exemplar/12.6/12.6.tex
Underfull \vbox (badness 10000) has occurred while \output is active []


Underfull \vbox (badness 10000) has occurred while \output is active []

 [165

]
Underfull \vbox (badness 10000) has occurred while \output is active []


Underfull \vbox (badness 10000) has occurred while \output is active []

 [166]
Underfull \vbox (badness 10000) has occurred while \output is active []


Underfull \vbox (badness 10000) has occurred while \output is active []

 [167])
Underfull \vbox (badness 10000) has occurred while \output is active []


Underfull \vbox (badness 10000) has occurred while \output is active []

 [168]
Appendix A.
(./app/conv.tex
Underfull \vbox (badness 10000) has occurred while \output is active []


Underfull \vbox (badness 10000) has occurred while \output is active []


Underfull \vbox (badness 10000) has occurred while \output is active []

 [169

]
Underfull \vbox (badness 3138) has occurred while \output is active []


Underfull \vbox (badness 10000) has occurred while \output is active []


Underfull \vbox (badness 10000) has occurred while \output is active []

 [170]
Underfull \vbox (badness 10000) has occurred while \output is active []


Underfull \vbox (badness 10000) has occurred while \output is active []


Underfull \vbox (badness 10000) has occurred while \output is active []

 [171]
Underfull \vbox (badness 10000) has occurred while \output is active []


Underfull \vbox (badness 10000) has occurred while \output is active []


Underfull \vbox (badness 10000) has occurred while \output is active []

 [172]
Underfull \vbox (badness 10000) has occurred while \output is active []


Underfull \vbox (badness 10000) has occurred while \output is active []


Underfull \vbox (badness 10000) has occurred while \output is active []

 [173])
Underfull \vbox (badness 10000) has occurred while \output is active []


Underfull \vbox (badness 10000) has occurred while \output is active []

 [174]
Appendix B.
(./app/line.tex
Underfull \vbox (badness 10000) has occurred while \output is active []


Underfull \vbox (badness 10000) has occurred while \output is active []


Underfull \vbox (badness 10000) has occurred while \output is active []

 [175

])
Underfull \vbox (badness 10000) has occurred while \output is active []


Underfull \vbox (badness 10000) has occurred while \output is active []

 [176]
Appendix C.

Underfull \vbox (badness 10000) has occurred while \output is active []


Underfull \vbox (badness 10000) has occurred while \output is active []

 [177

]
Underfull \vbox (badness 10000) has occurred while \output is active []


Underfull \vbox (badness 10000) has occurred while \output is active []

 [178

]
No file main.ind.
(./main.aux)
Package rerunfilecheck Info: File `main.out' has not changed.
(rerunfilecheck)             Checksum: 92607EFC0A3F6BAE44F09952352ABDF4;1665.
 ) 
Here is how much of TeX's memory you used:
 21138 strings out of 479304
 345171 string characters out of 5869780
 761993 words of memory out of 5000000
 36214 multiletter control sequences out of 15000+600000
 417694 words of font info for 82 fonts, out of 8000000 for 9000
 1141 hyphenation exceptions out of 8191
 98i,21n,102p,789b,1875s stack positions out of 5000i,500n,10000p,200000b,80000s
{/usr/share/texmf/fonts/enc/dvips/cm-super/cm-super-ts1.enc}</usr/share/texli
ve/texmf-dist/fonts/type1/public/amsfonts/cm/cmbx10.pfb></usr/share/texlive/tex
mf-dist/fonts/type1/public/amsfonts/cm/cmbx12.pfb></usr/share/texlive/texmf-dis
t/fonts/type1/public/amsfonts/cm/cmbx8.pfb></usr/share/texlive/texmf-dist/fonts
/type1/public/amsfonts/cm/cmex10.pfb></usr/share/texlive/texmf-dist/fonts/type1
/public/amsfonts/cm/cmmi10.pfb></usr/share/texlive/texmf-dist/fonts/type1/publi
c/amsfonts/cm/cmmi6.pfb></usr/share/texlive/texmf-dist/fonts/type1/public/amsfo
nts/cm/cmmi8.pfb></usr/share/texlive/texmf-dist/fonts/type1/public/amsfonts/cm/
cmmib10.pfb></usr/share/texlive/texmf-dist/fonts/type1/public/amsfonts/cmextra/
cmmib8.pfb></usr/share/texlive/texmf-dist/fonts/type1/public/amsfonts/cm/cmr10.
pfb></usr/share/texlive/texmf-dist/fonts/type1/public/amsfonts/cm/cmr6.pfb></us
r/share/texlive/texmf-dist/fonts/type1/public/amsfonts/cm/cmr8.pfb></usr/share/
texlive/texmf-dist/fonts/type1/public/amsfonts/cm/cmssbx10.pfb></usr/share/texl
ive/texmf-dist/fonts/type1/public/amsfonts/cm/cmsy10.pfb></usr/share/texlive/te
xmf-dist/fonts/type1/public/amsfonts/cm/cmsy6.pfb></usr/share/texlive/texmf-dis
t/fonts/type1/public/amsfonts/cm/cmsy8.pfb></usr/share/texlive/texmf-dist/fonts
/type1/public/amsfonts/cm/cmti10.pfb></usr/share/texlive/texmf-dist/fonts/type1
/public/amsfonts/cm/cmtt10.pfb></usr/share/texlive/texmf-dist/fonts/type1/publi
c/amsfonts/symbols/msam10.pfb></usr/share/texlive/texmf-dist/fonts/type1/public
/amsfonts/symbols/msbm10.pfb></usr/share/texmf/fonts/type1/public/cm-super/sfrm
0800.pfb></usr/share/texmf/fonts/type1/public/cm-super/sfrm1095.pfb>
Output written on main.pdf (185 pages, 2080796 bytes).
PDF statistics:
 3621 PDF objects out of 4296 (max. 8388607)
 2671 compressed objects within 27 object streams
 1348 named destinations out of 1440 (max. 500000)
 491 words of extra memory for PDF output out of 10000 (max. 10000000)

